\BOOKMARK [0][-]{chapter.1}{\376\377\000I\000n\000t\000r\000o\000d\000u\000c\000c\000i\000\363\000n}{}% 1
\BOOKMARK [0][-]{chapter.2}{\376\377\000M\000o\000t\000i\000v\000a\000c\000i\000\363\000n}{}% 2
\BOOKMARK [0][-]{chapter.3}{\376\377\000O\000b\000j\000e\000t\000i\000v\000o\000s}{}% 3
\BOOKMARK [0][-]{chapter.4}{\376\377\000F\000a\000s\000e\000s\000\040\000d\000e\000\040\000l\000a\000\040\000r\000e\000a\000l\000i\000z\000a\000c\000i\000\363\000n\000\040\000y\000\040\000c\000r\000o\000n\000o\000g\000r\000a\000m\000a}{}% 4
\BOOKMARK [1][-]{section.4.1}{\376\377\000F\000a\000s\000e\000\040\0001\000:\000\040\000I\000n\000s\000p\000i\000r\000a\000c\000i\000\363\000n\000\040\000i\000n\000i\000c\000i\000a\000l\000\040\000y\000\040\000p\000r\000o\000p\000u\000e\000s\000t\000a\000\040\000d\000e\000l\000\040\000p\000r\000o\000y\000e\000c\000t\000o\000\040\000\050\000j\000u\000n\000i\000o\040\023\000a\000g\000o\000s\000t\000o\000\040\0002\0000\0002\0004\000\051}{chapter.4}% 5
\BOOKMARK [1][-]{section.4.2}{\376\377\000F\000a\000s\000e\000\040\0002\000:\000\040\000P\000r\000o\000t\000o\000t\000i\000p\000a\000d\000o\000\040\000i\000n\000i\000c\000i\000a\000l\000\040\000y\000\040\000p\000r\000u\000e\000b\000a\000s\000\040\000p\000r\000e\000l\000i\000m\000i\000n\000a\000r\000e\000s\000\040\000\050\000s\000e\000p\000t\000i\000e\000m\000b\000r\000e\000\040\0002\0000\0002\0004\000\051}{chapter.4}% 6
\BOOKMARK [1][-]{section.4.3}{\376\377\000F\000a\000s\000e\000\040\0003\000:\000\040\000E\000s\000t\000u\000d\000i\000o\000\040\000y\000\040\000s\000e\000l\000e\000c\000c\000i\000\363\000n\000\040\000d\000e\000\040\000c\000o\000m\000p\000o\000n\000e\000n\000t\000e\000s\000\040\000\050\000e\000n\000e\000r\000o\040\023\000f\000e\000b\000r\000e\000r\000o\000\040\0002\0000\0002\0005\000\051}{chapter.4}% 7
\BOOKMARK [1][-]{section.4.4}{\376\377\000F\000a\000s\000e\000\040\0004\000:\000\040\000D\000e\000s\000a\000r\000r\000o\000l\000l\000o\000\040\000d\000e\000l\000\040\000s\000i\000s\000t\000e\000m\000a\000\040\000R\000-\000S\000n\000o\000r\000t\000\040\000\050\000e\000n\000e\000r\000o\000\040\0002\0000\0002\0005\000\051}{chapter.4}% 8
\BOOKMARK [1][-]{section.4.5}{\376\377\000F\000a\000s\000e\000\040\0005\000:\000\040\000P\000r\000u\000e\000b\000a\000s\000\040\000d\000e\000\040\000v\000a\000l\000i\000d\000a\000c\000i\000\363\000n\000\040\000y\000\040\000r\000e\000n\000d\000i\000m\000i\000e\000n\000t\000o\000\040\000\050\000m\000a\000r\000z\000o\000-\000a\000b\000r\000i\000l\000\040\0002\0000\0002\0005\000\051}{chapter.4}% 9
\BOOKMARK [1][-]{section.4.6}{\376\377\000C\000r\000o\000n\000o\000g\000r\000a\000m\000a\000\040\000g\000e\000n\000e\000r\000a\000l}{chapter.4}% 10
\BOOKMARK [0][-]{chapter.5}{\376\377\000E\000s\000t\000r\000u\000c\000t\000u\000r\000a\000\040\000y\000\040\000m\000e\000t\000o\000d\000o\000l\000o\000g\000\355\000a}{}% 11
\BOOKMARK [0][-]{chapter.6}{\376\377\000S\000i\000s\000t\000e\000m\000a\000s\000\040\000d\000e\000\040\000D\000e\000t\000e\000c\000c\000i\000\363\000n\000\040\000d\000e\000\040\000I\000n\000t\000r\000u\000s\000o\000s}{}% 12
\BOOKMARK [1][-]{section.6.1}{\376\377\000L\000o\000s\000\040\000s\000i\000s\000t\000e\000m\000a\000s\000\040\000d\000e\000\040\000d\000e\000t\000e\000c\000c\000i\000\363\000n\000\040\000d\000e\000\040\000i\000n\000t\000r\000u\000s\000o\000s}{chapter.6}% 13
\BOOKMARK [2][-]{subsection.6.1.1}{\376\377\000D\000e\000f\000i\000n\000i\000c\000i\000\363\000n\000\040\000y\000\040\000p\000r\000o\000p\000\363\000s\000i\000t\000o\000\040\000d\000e\000\040\000l\000o\000s\000\040\000I\000D\000S}{section.6.1}% 14
\BOOKMARK [2][-]{subsection.6.1.2}{\376\377\000C\000l\000a\000s\000i\000f\000i\000c\000a\000c\000i\000\363\000n\000\040\000d\000e\000\040\000l\000o\000s\000\040\000I\000D\000S}{section.6.1}% 15
\BOOKMARK [2][-]{subsection.6.1.3}{\376\377\000A\000r\000q\000u\000i\000t\000e\000c\000t\000u\000r\000a\000\040\000y\000\040\000c\000o\000m\000p\000o\000n\000e\000n\000t\000e\000s\000\040\000d\000e\000\040\000u\000n\000\040\000I\000D\000S}{section.6.1}% 16
\BOOKMARK [2][-]{subsection.6.1.4}{\376\377\000F\000u\000n\000c\000i\000o\000n\000a\000l\000i\000d\000a\000d\000e\000s}{section.6.1}% 17
\BOOKMARK [2][-]{subsection.6.1.5}{\376\377\000V\000e\000n\000t\000a\000j\000a\000s\000\040\000y\000\040\000l\000i\000m\000i\000t\000a\000c\000i\000o\000n\000e\000s\000\040\000d\000e\000\040\000l\000o\000s\000\040\000I\000D\000S}{section.6.1}% 18
\BOOKMARK [2][-]{subsection.6.1.6}{\376\377\000C\000o\000n\000t\000e\000x\000t\000o\000\040\000a\000c\000t\000u\000a\000l}{section.6.1}% 19
\BOOKMARK [1][-]{section.6.2}{\376\377\000S\000n\000o\000r\000t}{chapter.6}% 20
\BOOKMARK [2][-]{subsection.6.2.1}{\376\377\000C\000a\000r\000a\000c\000t\000e\000r\000\355\000s\000t\000i\000c\000a\000s\000\040\000p\000r\000i\000n\000c\000i\000p\000a\000l\000e\000s}{section.6.2}% 21
\BOOKMARK [2][-]{subsection.6.2.2}{\376\377\000A\000r\000q\000u\000i\000t\000e\000c\000t\000u\000r\000a\000\040\000d\000e\000\040\000S\000n\000o\000r\000t}{section.6.2}% 22
\BOOKMARK [2][-]{subsection.6.2.3}{\376\377\000R\000e\000g\000l\000a\000s\000\040\000y\000\040\000a\000c\000t\000u\000a\000l\000i\000z\000a\000c\000i\000o\000n\000e\000s}{section.6.2}% 23
\BOOKMARK [2][-]{subsection.6.2.4}{\376\377\000P\000e\000r\000s\000o\000n\000a\000l\000i\000z\000a\000c\000i\000\363\000n\000\040\000y\000\040\000e\000x\000t\000e\000n\000s\000i\000b\000i\000l\000i\000d\000a\000d}{section.6.2}% 24
\BOOKMARK [2][-]{subsection.6.2.5}{\376\377\000L\000i\000m\000i\000t\000a\000c\000i\000o\000n\000e\000s\000\040\000y\000\040\000c\000o\000n\000s\000i\000d\000e\000r\000a\000c\000i\000o\000n\000e\000s}{section.6.2}% 25
\BOOKMARK [1][-]{section.6.3}{\376\377\000N\000e\000c\000e\000s\000i\000d\000a\000d\000e\000s\000\040\000d\000e\000\040\000s\000e\000g\000u\000r\000i\000d\000a\000d\000\040\000e\000n\000\040\000p\000e\000q\000u\000e\000\361\000a\000s\000\040\000r\000e\000d\000e\000s\000\040\000\050\000S\000O\000H\000O\000\051}{chapter.6}% 26
\BOOKMARK [2][-]{subsection.6.3.1}{\376\377\000A\000m\000e\000n\000a\000z\000a\000s\000\040\000y\000\040\000v\000u\000l\000n\000e\000r\000a\000b\000i\000l\000i\000d\000a\000d\000e\000s\000\040\000c\000o\000m\000u\000n\000e\000s}{section.6.3}% 27
\BOOKMARK [2][-]{subsection.6.3.2}{\376\377\000R\000e\000t\000o\000s\000\040\000e\000s\000p\000e\000c\000\355\000f\000i\000c\000o\000s}{section.6.3}% 28
\BOOKMARK [2][-]{subsection.6.3.3}{\376\377\000S\000o\000l\000u\000c\000i\000o\000n\000e\000s\000\040\000a\000d\000e\000c\000u\000a\000d\000a\000s\000\040\000p\000a\000r\000a\000\040\000r\000e\000d\000e\000s\000\040\000S\000O\000H\000O}{section.6.3}% 29
\BOOKMARK [1][-]{section.6.4}{\376\377\000B\000e\000n\000e\000f\000i\000c\000i\000o\000s\000\040\000y\000\040\000r\000e\000c\000o\000m\000e\000n\000d\000a\000c\000i\000o\000n\000e\000s\000\040\000d\000e\000\040\000l\000o\000s\000\040\000s\000i\000s\000t\000e\000m\000a\000s\000\040\000d\000e\000\040\000d\000e\000t\000e\000c\000c\000i\000\363\000n\000\040\000e\000n\000\040\000r\000e\000d\000e\000s\000\040\000r\000e\000d\000u\000c\000i\000d\000a\000s}{chapter.6}% 30
\BOOKMARK [1][-]{section.6.5}{\376\377\000C\000o\000m\000p\000l\000e\000m\000e\000n\000t\000o\000s\000\040\000y\000\040\000p\000l\000u\000g\000i\000n\000s\000\040\000p\000a\000r\000a\000\040\000S\000n\000o\000r\000t}{chapter.6}% 31
\BOOKMARK [0][-]{chapter.7}{\376\377\000U\000t\000i\000l\000i\000z\000a\000c\000i\000\363\000n\000\040\000d\000e\000\040\000S\000n\000o\000r\000t\000\040\000e\000n\000\040\000r\000e\000d\000e\000s\000\040\000S\000O\000H\000O}{}% 32
\BOOKMARK [1][-]{section.7.1}{\376\377\000I\000n\000t\000r\000o\000d\000u\000c\000c\000i\000\363\000n}{chapter.7}% 33
\BOOKMARK [1][-]{section.7.2}{\376\377\000E\000s\000p\000e\000c\000i\000f\000i\000c\000a\000c\000i\000o\000n\000e\000s\000,\000\040\000c\000a\000r\000a\000c\000t\000e\000r\000\355\000s\000t\000i\000c\000a\000s\000\040\000y\000\040\000r\000e\000q\000u\000i\000s\000i\000t\000o\000s}{chapter.7}% 34
\BOOKMARK [2][-]{subsection.7.2.1}{\376\377\000E\000s\000p\000e\000c\000i\000f\000i\000c\000a\000c\000i\000o\000n\000e\000s\000\040\000d\000e\000\040\000S\000n\000o\000r\000t\000\040\0003}{section.7.2}% 35
\BOOKMARK [2][-]{subsection.7.2.2}{\376\377\000R\000e\000q\000u\000i\000s\000i\000t\000o\000s\000\040\000d\000e\000l\000\040\000s\000i\000s\000t\000e\000m\000a}{section.7.2}% 36
\BOOKMARK [1][-]{section.7.3}{\376\377\000E\000n\000t\000o\000r\000n\000o\000\040\000d\000e\000\040\000t\000r\000a\000b\000a\000j\000o}{chapter.7}% 37
\BOOKMARK [2][-]{subsection.7.3.1}{\376\377\000E\000s\000q\000u\000e\000m\000a\000\040\000d\000e\000\040\000r\000e\000d}{section.7.3}% 38
\BOOKMARK [2][-]{subsection.7.3.2}{\376\377\000H\000a\000r\000d\000w\000a\000r\000e\000\040\000\050\000R\000a\000s\000p\000b\000e\000r\000r\000y\000\040\000P\000i\000\040\0005\000\051}{section.7.3}% 39
\BOOKMARK [2][-]{subsection.7.3.3}{\376\377\000S\000o\000f\000t\000w\000a\000r\000e\000\040\000\050\000S\000n\000o\000r\000t\000\040\000y\000\040\000s\000u\000s\000\040\000c\000o\000m\000p\000l\000e\000m\000e\000n\000t\000o\000s\000\051}{section.7.3}% 40
\BOOKMARK [1][-]{section.7.4}{\376\377\000I\000n\000s\000t\000a\000l\000a\000c\000i\000\363\000n\000\040\000y\000\040\000p\000e\000r\000s\000o\000n\000a\000l\000i\000z\000a\000c\000i\000\363\000n\000\040\000d\000e\000\040\000c\000o\000m\000p\000l\000e\000m\000e\000n\000t\000o\000s}{chapter.7}% 41
\BOOKMARK [2][-]{subsection.7.4.1}{\376\377\000I\000n\000s\000t\000a\000l\000a\000c\000i\000\363\000n\000\040\000d\000e\000\040\000S\000n\000o\000r\000t\000\040\000V\0003}{section.7.4}% 42
\BOOKMARK [2][-]{subsection.7.4.2}{\376\377\000I\000n\000s\000t\000a\000l\000a\000c\000i\000\363\000n\000\040\000d\000e\000\040\000r\000e\000g\000l\000a\000s\000\040\000y\000\040\000p\000l\000u\000g\000i\000n\000s}{section.7.4}% 43
\BOOKMARK [1][-]{section.7.5}{\376\377\000G\000e\000n\000e\000r\000a\000c\000i\000\363\000n\000\040\000d\000e\000\040\000u\000n\000\040\000s\000c\000r\000i\000p\000t\000\040\000p\000a\000r\000a\000\040\000l\000a\000\040\000i\000n\000s\000t\000a\000l\000a\000c\000i\000\363\000n\000\040\000a\000u\000t\000o\000m\000\341\000t\000i\000c\000a}{chapter.7}% 44
\BOOKMARK [2][-]{subsection.7.5.1}{\376\377\000E\000s\000q\000u\000e\000m\000a\000\040\000d\000e\000\040\000r\000e\000d\000\040\000d\000e\000\040\000m\000o\000n\000i\000t\000o\000r\000i\000z\000a\000c\000i\000\363\000n\000\040\000c\000o\000n\000\040\000R\000-\000S\000N\000O\000R\000T}{section.7.5}% 45
\BOOKMARK [2][-]{subsection.7.5.2}{\376\377\000P\000r\000i\000m\000e\000r\000a\000\040\000f\000a\000s\000e\000\040\000d\000e\000l\000\040\000s\000c\000r\000i\000p\000t\000\040\000a\000u\000t\000o\000m\000\341\000t\000i\000c\000o}{section.7.5}% 46
\BOOKMARK [2][-]{subsection.7.5.3}{\376\377\000T\000r\000a\000n\000s\000i\000c\000i\000\363\000n\000\040\000a\000\040\000p\000a\000q\000u\000e\000t\000e\000\040\000.\000d\000e\000b}{section.7.5}% 47
\BOOKMARK [0][-]{chapter.8}{\376\377\000C\000a\000s\000o\000\040\000p\000r\000\341\000c\000t\000i\000c\000o\000:\000\040\000u\000t\000i\000l\000i\000z\000a\000c\000i\000\363\000n\000\040\000d\000e\000\040\000R\000-\000S\000n\000o\000r\000t}{}% 48
\BOOKMARK [1][-]{section.8.1}{\376\377\000E\000n\000t\000o\000r\000n\000o\000\040\000d\000e\000\040\000t\000r\000a\000b\000a\000j\000o}{chapter.8}% 49
\BOOKMARK [1][-]{section.8.2}{\376\377\000I\000n\000s\000t\000a\000l\000a\000c\000i\000\363\000n}{chapter.8}% 50
\BOOKMARK [1][-]{section.8.3}{\376\377\000U\000t\000i\000l\000i\000z\000a\000c\000i\000\363\000n\000\040\000y\000\040\000p\000r\000u\000e\000b\000a\000s}{chapter.8}% 51
\BOOKMARK [2][-]{subsection.8.3.1}{\376\377\000P\000r\000u\000e\000b\000a\000s\000\040\000d\000e\000\040\000v\000a\000l\000i\000d\000a\000c\000i\000\363\000n\000\040\000d\000e\000l\000\040\000f\000u\000n\000c\000i\000o\000n\000a\000m\000i\000e\000n\000t\000o}{section.8.3}% 52
\BOOKMARK [2][-]{subsection.8.3.2}{\376\377\000P\000r\000u\000e\000b\000a\000s\000\040\000d\000e\000\040\000r\000e\000n\000d\000i\000m\000i\000e\000n\000t\000o}{section.8.3}% 53
\BOOKMARK [2][-]{subsection.8.3.3}{\376\377\000P\000r\000u\000e\000b\000a\000s\000\040\000d\000e\000\040\000r\000e\000n\000d\000i\000m\000i\000e\000n\000t\000o\000\040\000b\000a\000j\000o\000\040\000c\000a\000r\000g\000a\000\040\000m\000a\000s\000i\000v\000a}{section.8.3}% 54
\BOOKMARK [0][-]{chapter.9}{\376\377\000R\000e\000s\000u\000l\000t\000a\000d\000o\000s}{}% 55
\BOOKMARK [1][-]{section.9.1}{\376\377\000R\000e\000s\000u\000m\000e\000n}{chapter.9}% 56
\BOOKMARK [0][-]{chapter*.80}{\376\377\000C\000o\000n\000c\000l\000u\000s\000i\000o\000n\000e\000s}{}% 57
\BOOKMARK [0][-]{chapter*.81}{\376\377\000T\000r\000a\000b\000a\000j\000o\000\040\000f\000u\000t\000u\000r\000o}{}% 58
\BOOKMARK [0][-]{chapter*.81}{\376\377\000B\000i\000b\000l\000i\000o\000g\000r\000a\000f\000\355\000a}{}% 59
\BOOKMARK [0][-]{appendix.Alph1}{\376\377\000A\000n\000e\000x\000o\000\040\000A\000:\000\040\000R\000e\000p\000o\000s\000i\000t\000o\000r\000i\000o\000\040\000d\000e\000\040\000R\000-\000S\000N\000O\000R\000T}{}% 60
\BOOKMARK [0][-]{appendix.Alph2}{\376\377\000A\000n\000e\000x\000o\000\040\000B\000:\000\040\000S\000c\000r\000i\000p\000t\000s\000\040\000y\000\040\000a\000r\000c\000h\000i\000v\000o\000s\000\040\000d\000e\000l\000\040\000i\000n\000s\000t\000a\000l\000a\000d\000o\000r\000\040\000R\000-\000S\000n\000o\000r\000t}{}% 61
