This is pdfTeX, Version 3.141592653-2.6-1.40.25 (MiKTeX 24.1) (preloaded format=pdflatex 2024.12.17)  2 MAY 2025 17:12
entering extended mode
 restricted \write18 enabled.
 %&-line parsing enabled.
**./main.tex
(main.tex
LaTeX2e <2023-11-01> patch level 1
L3 programming layer <2024-01-04>
(C:\Users\deian\AppData\Local\Programs\MiKTeX\tex/latex/base\report.cls
Document Class: report 2023/05/17 v1.4n Standard LaTeX document class
(C:\Users\deian\AppData\Local\Programs\MiKTeX\tex/latex/base\size11.clo
File: size11.clo 2023/05/17 v1.4n Standard LaTeX file (size option)
)
\c@part=\count187
\c@chapter=\count188
\c@section=\count189
\c@subsection=\count190
\c@subsubsection=\count191
\c@paragraph=\count192
\c@subparagraph=\count193
\c@figure=\count194
\c@table=\count195
\abovecaptionskip=\skip48
\belowcaptionskip=\skip49
\bibindent=\dimen140
)
(C:\Users\deian\AppData\Local\Programs\MiKTeX\tex/generic/babel\babel.sty
Package: babel 2024/01/07 v24.1 The Babel package
\babel@savecnt=\count196
\U@D=\dimen141
\l@unhyphenated=\language79

(C:\Users\deian\AppData\Local\Programs\MiKTeX\tex/generic/babel\txtbabel.def)
\bbl@readstream=\read2
\bbl@dirlevel=\count197

*************************************
* Local config file bblopts.cfg used
*
(C:\Users\deian\AppData\Local\Programs\MiKTeX\tex/latex/arabi\bblopts.cfg
File: bblopts.cfg 2005/09/08 v0.1 add Arabic and Farsi to "declared" options of
 babel
)
(C:\Users\deian\AppData\Local\Programs\MiKTeX\tex/latex/babel-spanish\spanish.l
df
Language: spanish.ldf 2021/05/27 v5.0q Spanish support from the babel system
\es@quottoks=\toks17
\es@quotdepth=\count198
Package babel Info: Making " an active character on input line 570.
Package babel Info: Making . an active character on input line 675.
Package babel Info: Making < an active character on input line 722.
Package babel Info: Making > an active character on input line 722.
))
(C:\Users\deian\AppData\Local\Programs\MiKTeX\tex/generic/babel/locale/es\babel
-spanish.tex
Package babel Info: Importing font and identification data for spanish
(babel)             from babel-es.ini. Reported on input line 11.
)
(C:\Users\deian\AppData\Local\Programs\MiKTeX\tex/latex/base\inputenc.sty
Package: inputenc 2021/02/14 v1.3d Input encoding file
\inpenc@prehook=\toks18
\inpenc@posthook=\toks19
)
(C:\Users\deian\AppData\Local\Programs\MiKTeX\tex/latex/base\fontenc.sty
Package: fontenc 2021/04/29 v2.0v Standard LaTeX package
)
(C:\Users\deian\AppData\Local\Programs\MiKTeX\tex/latex/lm\lmodern.sty
Package: lmodern 2015/05/01 v1.6.1 Latin Modern Fonts
LaTeX Font Info:    Overwriting symbol font `operators' in version `normal'
(Font)                  OT1/cmr/m/n --> OT1/lmr/m/n on input line 22.
LaTeX Font Info:    Overwriting symbol font `letters' in version `normal'
(Font)                  OML/cmm/m/it --> OML/lmm/m/it on input line 23.
LaTeX Font Info:    Overwriting symbol font `symbols' in version `normal'
(Font)                  OMS/cmsy/m/n --> OMS/lmsy/m/n on input line 24.
LaTeX Font Info:    Overwriting symbol font `largesymbols' in version `normal'
(Font)                  OMX/cmex/m/n --> OMX/lmex/m/n on input line 25.
LaTeX Font Info:    Overwriting symbol font `operators' in version `bold'
(Font)                  OT1/cmr/bx/n --> OT1/lmr/bx/n on input line 26.
LaTeX Font Info:    Overwriting symbol font `letters' in version `bold'
(Font)                  OML/cmm/b/it --> OML/lmm/b/it on input line 27.
LaTeX Font Info:    Overwriting symbol font `symbols' in version `bold'
(Font)                  OMS/cmsy/b/n --> OMS/lmsy/b/n on input line 28.
LaTeX Font Info:    Overwriting symbol font `largesymbols' in version `bold'
(Font)                  OMX/cmex/m/n --> OMX/lmex/m/n on input line 29.
LaTeX Font Info:    Overwriting math alphabet `\mathbf' in version `normal'
(Font)                  OT1/cmr/bx/n --> OT1/lmr/bx/n on input line 31.
LaTeX Font Info:    Overwriting math alphabet `\mathsf' in version `normal'
(Font)                  OT1/cmss/m/n --> OT1/lmss/m/n on input line 32.
LaTeX Font Info:    Overwriting math alphabet `\mathit' in version `normal'
(Font)                  OT1/cmr/m/it --> OT1/lmr/m/it on input line 33.
LaTeX Font Info:    Overwriting math alphabet `\mathtt' in version `normal'
(Font)                  OT1/cmtt/m/n --> OT1/lmtt/m/n on input line 34.
LaTeX Font Info:    Overwriting math alphabet `\mathbf' in version `bold'
(Font)                  OT1/cmr/bx/n --> OT1/lmr/bx/n on input line 35.
LaTeX Font Info:    Overwriting math alphabet `\mathsf' in version `bold'
(Font)                  OT1/cmss/bx/n --> OT1/lmss/bx/n on input line 36.
LaTeX Font Info:    Overwriting math alphabet `\mathit' in version `bold'
(Font)                  OT1/cmr/bx/it --> OT1/lmr/bx/it on input line 37.
LaTeX Font Info:    Overwriting math alphabet `\mathtt' in version `bold'
(Font)                  OT1/cmtt/m/n --> OT1/lmtt/m/n on input line 38.
)
(C:\Users\deian\AppData\Local\Programs\MiKTeX\tex/latex/setspace\setspace.sty
Package: setspace 2022/12/04 v6.7b set line spacing
)
(C:\Users\deian\AppData\Local\Programs\MiKTeX\tex/latex/hyperref\hyperref.sty
Package: hyperref 2023-11-26 v7.01g Hypertext links for LaTeX

(C:\Users\deian\AppData\Local\Programs\MiKTeX\tex/generic/iftex\iftex.sty
Package: iftex 2022/02/03 v1.0f TeX engine tests
)
(C:\Users\deian\AppData\Local\Programs\MiKTeX\tex/generic/infwarerr\infwarerr.s
ty
Package: infwarerr 2019/12/03 v1.5 Providing info/warning/error messages (HO)
) (C:\Users\deian\AppData\Local\Programs\MiKTeX\tex/latex/graphics\keyval.sty
Package: keyval 2022/05/29 v1.15 key=value parser (DPC)
\KV@toks@=\toks20
)
(C:\Users\deian\AppData\Local\Programs\MiKTeX\tex/latex/kvsetkeys\kvsetkeys.sty
Package: kvsetkeys 2022-10-05 v1.19 Key value parser (HO)
)
(C:\Users\deian\AppData\Local\Programs\MiKTeX\tex/generic/kvdefinekeys\kvdefine
keys.sty
Package: kvdefinekeys 2019-12-19 v1.6 Define keys (HO)
)
(C:\Users\deian\AppData\Local\Programs\MiKTeX\tex/generic/pdfescape\pdfescape.s
ty
Package: pdfescape 2019/12/09 v1.15 Implements pdfTeX's escape features (HO)

(C:\Users\deian\AppData\Local\Programs\MiKTeX\tex/generic/ltxcmds\ltxcmds.sty
Package: ltxcmds 2023-12-04 v1.26 LaTeX kernel commands for general use (HO)
)
(C:\Users\deian\AppData\Local\Programs\MiKTeX\tex/generic/pdftexcmds\pdftexcmds
.sty
Package: pdftexcmds 2020-06-27 v0.33 Utility functions of pdfTeX for LuaTeX (HO
)
Package pdftexcmds Info: \pdf@primitive is available.
Package pdftexcmds Info: \pdf@ifprimitive is available.
Package pdftexcmds Info: \pdfdraftmode found.
))
(C:\Users\deian\AppData\Local\Programs\MiKTeX\tex/latex/hycolor\hycolor.sty
Package: hycolor 2020-01-27 v1.10 Color options for hyperref/bookmark (HO)
)
(C:\Users\deian\AppData\Local\Programs\MiKTeX\tex/latex/letltxmacro\letltxmacro
.sty
Package: letltxmacro 2019/12/03 v1.6 Let assignment for LaTeX macros (HO)
)
(C:\Users\deian\AppData\Local\Programs\MiKTeX\tex/latex/auxhook\auxhook.sty
Package: auxhook 2019-12-17 v1.6 Hooks for auxiliary files (HO)
)
(C:\Users\deian\AppData\Local\Programs\MiKTeX\tex/latex/hyperref\nameref.sty
Package: nameref 2023-11-26 v2.56 Cross-referencing by name of section

(C:\Users\deian\AppData\Local\Programs\MiKTeX\tex/latex/refcount\refcount.sty
Package: refcount 2019/12/15 v3.6 Data extraction from label references (HO)
)
(C:\Users\deian\AppData\Local\Programs\MiKTeX\tex/generic/gettitlestring\gettit
lestring.sty
Package: gettitlestring 2019/12/15 v1.6 Cleanup title references (HO)

(C:\Users\deian\AppData\Local\Programs\MiKTeX\tex/latex/kvoptions\kvoptions.sty
Package: kvoptions 2022-06-15 v3.15 Key value format for package options (HO)
))
\c@section@level=\count199
)
(C:\Users\deian\AppData\Local\Programs\MiKTeX\tex/latex/etoolbox\etoolbox.sty
Package: etoolbox 2020/10/05 v2.5k e-TeX tools for LaTeX (JAW)
\etb@tempcnta=\count266
)
\@linkdim=\dimen142
\Hy@linkcounter=\count267
\Hy@pagecounter=\count268

(C:\Users\deian\AppData\Local\Programs\MiKTeX\tex/latex/hyperref\pd1enc.def
File: pd1enc.def 2023-11-26 v7.01g Hyperref: PDFDocEncoding definition (HO)
Now handling font encoding PD1 ...
... no UTF-8 mapping file for font encoding PD1
)
(C:\Users\deian\AppData\Local\Programs\MiKTeX\tex/generic/intcalc\intcalc.sty
Package: intcalc 2019/12/15 v1.3 Expandable calculations with integers (HO)
)
\Hy@SavedSpaceFactor=\count269

(C:\Users\deian\AppData\Local\Programs\MiKTeX\tex/latex/hyperref\puenc.def
File: puenc.def 2023-11-26 v7.01g Hyperref: PDF Unicode definition (HO)
Now handling font encoding PU ...
... no UTF-8 mapping file for font encoding PU
)
Package hyperref Info: Hyper figures OFF on input line 4181.
Package hyperref Info: Link nesting OFF on input line 4186.
Package hyperref Info: Hyper index ON on input line 4189.
Package hyperref Info: Plain pages OFF on input line 4196.
Package hyperref Info: Backreferencing OFF on input line 4201.
Package hyperref Info: Implicit mode ON; LaTeX internals redefined.
Package hyperref Info: Bookmarks ON on input line 4448.
\c@Hy@tempcnt=\count270

(C:\Users\deian\AppData\Local\Programs\MiKTeX\tex/latex/url\url.sty
\Urlmuskip=\muskip16
Package: url 2013/09/16  ver 3.4  Verb mode for urls, etc.
)
LaTeX Info: Redefining \url on input line 4786.
\XeTeXLinkMargin=\dimen143

(C:\Users\deian\AppData\Local\Programs\MiKTeX\tex/generic/bitset\bitset.sty
Package: bitset 2019/12/09 v1.3 Handle bit-vector datatype (HO)

(C:\Users\deian\AppData\Local\Programs\MiKTeX\tex/generic/bigintcalc\bigintcalc
.sty
Package: bigintcalc 2019/12/15 v1.5 Expandable calculations on big integers (HO
)
))
\Fld@menulength=\count271
\Field@Width=\dimen144
\Fld@charsize=\dimen145
Package hyperref Info: Hyper figures OFF on input line 6065.
Package hyperref Info: Link nesting OFF on input line 6070.
Package hyperref Info: Hyper index ON on input line 6073.
Package hyperref Info: backreferencing OFF on input line 6080.
Package hyperref Info: Link coloring OFF on input line 6085.
Package hyperref Info: Link coloring with OCG OFF on input line 6090.
Package hyperref Info: PDF/A mode OFF on input line 6095.

(C:\Users\deian\AppData\Local\Programs\MiKTeX\tex/latex/base\atbegshi-ltx.sty
Package: atbegshi-ltx 2021/01/10 v1.0c Emulation of the original atbegshi
package with kernel methods
)
\Hy@abspage=\count272
\c@Item=\count273
\c@Hfootnote=\count274
)
Package hyperref Info: Driver (autodetected): hpdftex.
(C:\Users\deian\AppData\Local\Programs\MiKTeX\tex/latex/hyperref\hpdftex.def
File: hpdftex.def 2023-11-26 v7.01g Hyperref driver for pdfTeX

(C:\Users\deian\AppData\Local\Programs\MiKTeX\tex/latex/base\atveryend-ltx.sty
Package: atveryend-ltx 2020/08/19 v1.0a Emulation of the original atveryend pac
kage
with kernel methods
)
\Fld@listcount=\count275
\c@bookmark@seq@number=\count276

(C:\Users\deian\AppData\Local\Programs\MiKTeX\tex/latex/rerunfilecheck\rerunfil
echeck.sty
Package: rerunfilecheck 2022-07-10 v1.10 Rerun checks for auxiliary files (HO)

(C:\Users\deian\AppData\Local\Programs\MiKTeX\tex/generic/uniquecounter\uniquec
ounter.sty
Package: uniquecounter 2019/12/15 v1.4 Provide unlimited unique counter (HO)
)
Package uniquecounter Info: New unique counter `rerunfilecheck' on input line 2
85.
)
\Hy@SectionHShift=\skip50
)
(C:\Users\deian\AppData\Local\Programs\MiKTeX\tex/latex/fancyhdr\fancyhdr.sty
Package: fancyhdr 2025/02/07 v5.2 Extensive control of page headers and footers

\f@nch@headwidth=\skip51
\f@nch@offset@elh=\skip52
\f@nch@offset@erh=\skip53
\f@nch@offset@olh=\skip54
\f@nch@offset@orh=\skip55
\f@nch@offset@elf=\skip56
\f@nch@offset@erf=\skip57
\f@nch@offset@olf=\skip58
\f@nch@offset@orf=\skip59
\f@nch@height=\skip60
\f@nch@footalignment=\skip61
\f@nch@widthL=\skip62
\f@nch@widthC=\skip63
\f@nch@widthR=\skip64
\@temptokenb=\toks21
)
(C:\Users\deian\AppData\Local\Programs\MiKTeX\tex/latex/graphics\graphicx.sty
Package: graphicx 2021/09/16 v1.2d Enhanced LaTeX Graphics (DPC,SPQR)

(C:\Users\deian\AppData\Local\Programs\MiKTeX\tex/latex/graphics\graphics.sty
Package: graphics 2022/03/10 v1.4e Standard LaTeX Graphics (DPC,SPQR)

(C:\Users\deian\AppData\Local\Programs\MiKTeX\tex/latex/graphics\trig.sty
Package: trig 2021/08/11 v1.11 sin cos tan (DPC)
)
(C:\Users\deian\AppData\Local\Programs\MiKTeX\tex/latex/graphics-cfg\graphics.c
fg
File: graphics.cfg 2016/06/04 v1.11 sample graphics configuration
)
Package graphics Info: Driver file: pdftex.def on input line 107.

(C:\Users\deian\AppData\Local\Programs\MiKTeX\tex/latex/graphics-def\pdftex.def
File: pdftex.def 2022/09/22 v1.2b Graphics/color driver for pdftex
))
\Gin@req@height=\dimen146
\Gin@req@width=\dimen147
)
(C:\Users\deian\AppData\Local\Programs\MiKTeX\tex/latex/geometry\geometry.sty
Package: geometry 2020/01/02 v5.9 Page Geometry

(C:\Users\deian\AppData\Local\Programs\MiKTeX\tex/generic/iftex\ifvtex.sty
Package: ifvtex 2019/10/25 v1.7 ifvtex legacy package. Use iftex instead.
)
\Gm@cnth=\count277
\Gm@cntv=\count278
\c@Gm@tempcnt=\count279
\Gm@bindingoffset=\dimen148
\Gm@wd@mp=\dimen149
\Gm@odd@mp=\dimen150
\Gm@even@mp=\dimen151
\Gm@layoutwidth=\dimen152
\Gm@layoutheight=\dimen153
\Gm@layouthoffset=\dimen154
\Gm@layoutvoffset=\dimen155
\Gm@dimlist=\toks22

(C:\Users\deian\AppData\Local\Programs\MiKTeX\tex/latex/geometry\geometry.cfg))
(C:\Users\deian\AppData\Local\Programs\MiKTeX\tex/latex/tocloft\tocloft.sty
Package: tocloft 2017/08/31 v2.3i parameterised ToC, etc., typesetting
Package tocloft Info: The document has chapter divisions on input line 51.
\cftparskip=\skip65
\cftbeforetoctitleskip=\skip66
\cftaftertoctitleskip=\skip67
\cftbeforepartskip=\skip68
\cftpartnumwidth=\skip69
\cftpartindent=\skip70
\cftbeforechapskip=\skip71
\cftchapindent=\skip72
\cftchapnumwidth=\skip73
\cftbeforesecskip=\skip74
\cftsecindent=\skip75
\cftsecnumwidth=\skip76
\cftbeforesubsecskip=\skip77
\cftsubsecindent=\skip78
\cftsubsecnumwidth=\skip79
\cftbeforesubsubsecskip=\skip80
\cftsubsubsecindent=\skip81
\cftsubsubsecnumwidth=\skip82
\cftbeforeparaskip=\skip83
\cftparaindent=\skip84
\cftparanumwidth=\skip85
\cftbeforesubparaskip=\skip86
\cftsubparaindent=\skip87
\cftsubparanumwidth=\skip88
\cftbeforeloftitleskip=\skip89
\cftafterloftitleskip=\skip90
\cftbeforefigskip=\skip91
\cftfigindent=\skip92
\cftfignumwidth=\skip93
\c@lofdepth=\count280
\c@lotdepth=\count281
\cftbeforelottitleskip=\skip94
\cftafterlottitleskip=\skip95
\cftbeforetabskip=\skip96
\cfttabindent=\skip97
\cfttabnumwidth=\skip98
)
(C:\Users\deian\AppData\Local\Programs\MiKTeX\tex/latex/titlesec\titlesec.sty
Package: titlesec 2025/01/04 v2.17 Sectioning titles
\ttl@box=\box51
\beforetitleunit=\skip99
\aftertitleunit=\skip100
\ttl@plus=\dimen156
\ttl@minus=\dimen157
\ttl@toksa=\toks23
\titlewidth=\dimen158
\titlewidthlast=\dimen159
\titlewidthfirst=\dimen160
)
(C:\Users\deian\AppData\Local\Programs\MiKTeX\tex/latex/listings\listings.sty
\lst@mode=\count282
\lst@gtempboxa=\box52
\lst@token=\toks24
\lst@length=\count283
\lst@currlwidth=\dimen161
\lst@column=\count284
\lst@pos=\count285
\lst@lostspace=\dimen162
\lst@width=\dimen163
\lst@newlines=\count286
\lst@lineno=\count287
\lst@maxwidth=\dimen164

(C:\Users\deian\AppData\Local\Programs\MiKTeX\tex/latex/listings\lstmisc.sty
File: lstmisc.sty 2023/02/27 1.9 (Carsten Heinz)
\c@lstnumber=\count288
\lst@skipnumbers=\count289
\lst@framebox=\box53
)
(C:\Users\deian\AppData\Local\Programs\MiKTeX\tex/latex/listings\listings.cfg
File: listings.cfg 2023/02/27 1.9 listings configuration
))
Package: listings 2023/02/27 1.9 (Carsten Heinz)
(C:\Users\deian\AppData\Local\Programs\MiKTeX\tex/latex/xcolor\xcolor.sty
Package: xcolor 2023/11/15 v3.01 LaTeX color extensions (UK)

(C:\Users\deian\AppData\Local\Programs\MiKTeX\tex/latex/graphics-cfg\color.cfg
File: color.cfg 2016/01/02 v1.6 sample color configuration
)
Package xcolor Info: Driver file: pdftex.def on input line 274.
(C:\Users\deian\AppData\Local\Programs\MiKTeX\tex/latex/graphics\mathcolor.ltx)
Package xcolor Info: Model `cmy' substituted by `cmy0' on input line 1350.
Package xcolor Info: Model `hsb' substituted by `rgb' on input line 1354.
Package xcolor Info: Model `RGB' extended on input line 1366.
Package xcolor Info: Model `HTML' substituted by `rgb' on input line 1368.
Package xcolor Info: Model `Hsb' substituted by `hsb' on input line 1369.
Package xcolor Info: Model `tHsb' substituted by `hsb' on input line 1370.
Package xcolor Info: Model `HSB' substituted by `hsb' on input line 1371.
Package xcolor Info: Model `Gray' substituted by `gray' on input line 1372.
Package xcolor Info: Model `wave' substituted by `hsb' on input line 1373.
) (C:\Users\deian\AppData\Local\Programs\MiKTeX\tex/latex/float\float.sty
Package: float 2001/11/08 v1.3d Float enhancements (AL)
\c@float@type=\count290
\float@exts=\toks25
\float@box=\box54
\@float@everytoks=\toks26
\@floatcapt=\box55
)
(C:\Users\deian\AppData\Local\Programs\MiKTeX\tex/latex/pgf/frontendlayer\tikz.
sty
(C:\Users\deian\AppData\Local\Programs\MiKTeX\tex/latex/pgf/basiclayer\pgf.sty
(C:\Users\deian\AppData\Local\Programs\MiKTeX\tex/latex/pgf/utilities\pgfrcs.st
y
(C:\Users\deian\AppData\Local\Programs\MiKTeX\tex/generic/pgf/utilities\pgfutil
-common.tex
\pgfutil@everybye=\toks27
\pgfutil@tempdima=\dimen165
\pgfutil@tempdimb=\dimen166
)
(C:\Users\deian\AppData\Local\Programs\MiKTeX\tex/generic/pgf/utilities\pgfutil
-latex.def
\pgfutil@abb=\box56
)
(C:\Users\deian\AppData\Local\Programs\MiKTeX\tex/generic/pgf/utilities\pgfrcs.
code.tex
(C:\Users\deian\AppData\Local\Programs\MiKTeX\tex/generic/pgf\pgf.revision.tex)
Package: pgfrcs 2023-01-15 v3.1.10 (3.1.10)
))
Package: pgf 2023-01-15 v3.1.10 (3.1.10)

(C:\Users\deian\AppData\Local\Programs\MiKTeX\tex/latex/pgf/basiclayer\pgfcore.
sty
(C:\Users\deian\AppData\Local\Programs\MiKTeX\tex/latex/pgf/systemlayer\pgfsys.
sty
(C:\Users\deian\AppData\Local\Programs\MiKTeX\tex/generic/pgf/systemlayer\pgfsy
s.code.tex
Package: pgfsys 2023-01-15 v3.1.10 (3.1.10)

(C:\Users\deian\AppData\Local\Programs\MiKTeX\tex/generic/pgf/utilities\pgfkeys
.code.tex
\pgfkeys@pathtoks=\toks28
\pgfkeys@temptoks=\toks29

(C:\Users\deian\AppData\Local\Programs\MiKTeX\tex/generic/pgf/utilities\pgfkeys
libraryfiltered.code.tex
\pgfkeys@tmptoks=\toks30
))
\pgf@x=\dimen167
\pgf@y=\dimen168
\pgf@xa=\dimen169
\pgf@ya=\dimen170
\pgf@xb=\dimen171
\pgf@yb=\dimen172
\pgf@xc=\dimen173
\pgf@yc=\dimen174
\pgf@xd=\dimen175
\pgf@yd=\dimen176
\w@pgf@writea=\write3
\r@pgf@reada=\read3
\c@pgf@counta=\count291
\c@pgf@countb=\count292
\c@pgf@countc=\count293
\c@pgf@countd=\count294
\t@pgf@toka=\toks31
\t@pgf@tokb=\toks32
\t@pgf@tokc=\toks33
\pgf@sys@id@count=\count295

(C:\Users\deian\AppData\Local\Programs\MiKTeX\tex/generic/pgf/systemlayer\pgf.c
fg
File: pgf.cfg 2023-01-15 v3.1.10 (3.1.10)
)
Driver file for pgf: pgfsys-pdftex.def

(C:\Users\deian\AppData\Local\Programs\MiKTeX\tex/generic/pgf/systemlayer\pgfsy
s-pdftex.def
File: pgfsys-pdftex.def 2023-01-15 v3.1.10 (3.1.10)

(C:\Users\deian\AppData\Local\Programs\MiKTeX\tex/generic/pgf/systemlayer\pgfsy
s-common-pdf.def
File: pgfsys-common-pdf.def 2023-01-15 v3.1.10 (3.1.10)
)))
(C:\Users\deian\AppData\Local\Programs\MiKTeX\tex/generic/pgf/systemlayer\pgfsy
ssoftpath.code.tex
File: pgfsyssoftpath.code.tex 2023-01-15 v3.1.10 (3.1.10)
\pgfsyssoftpath@smallbuffer@items=\count296
\pgfsyssoftpath@bigbuffer@items=\count297
)
(C:\Users\deian\AppData\Local\Programs\MiKTeX\tex/generic/pgf/systemlayer\pgfsy
sprotocol.code.tex
File: pgfsysprotocol.code.tex 2023-01-15 v3.1.10 (3.1.10)
))
(C:\Users\deian\AppData\Local\Programs\MiKTeX\tex/generic/pgf/basiclayer\pgfcor
e.code.tex
Package: pgfcore 2023-01-15 v3.1.10 (3.1.10)

(C:\Users\deian\AppData\Local\Programs\MiKTeX\tex/generic/pgf/math\pgfmath.code
.tex
(C:\Users\deian\AppData\Local\Programs\MiKTeX\tex/generic/pgf/math\pgfmathutil.
code.tex)
(C:\Users\deian\AppData\Local\Programs\MiKTeX\tex/generic/pgf/math\pgfmathparse
r.code.tex
\pgfmath@dimen=\dimen177
\pgfmath@count=\count298
\pgfmath@box=\box57
\pgfmath@toks=\toks34
\pgfmath@stack@operand=\toks35
\pgfmath@stack@operation=\toks36
)
(C:\Users\deian\AppData\Local\Programs\MiKTeX\tex/generic/pgf/math\pgfmathfunct
ions.code.tex)
(C:\Users\deian\AppData\Local\Programs\MiKTeX\tex/generic/pgf/math\pgfmathfunct
ions.basic.code.tex)
(C:\Users\deian\AppData\Local\Programs\MiKTeX\tex/generic/pgf/math\pgfmathfunct
ions.trigonometric.code.tex)
(C:\Users\deian\AppData\Local\Programs\MiKTeX\tex/generic/pgf/math\pgfmathfunct
ions.random.code.tex)
(C:\Users\deian\AppData\Local\Programs\MiKTeX\tex/generic/pgf/math\pgfmathfunct
ions.comparison.code.tex)
(C:\Users\deian\AppData\Local\Programs\MiKTeX\tex/generic/pgf/math\pgfmathfunct
ions.base.code.tex)
(C:\Users\deian\AppData\Local\Programs\MiKTeX\tex/generic/pgf/math\pgfmathfunct
ions.round.code.tex)
(C:\Users\deian\AppData\Local\Programs\MiKTeX\tex/generic/pgf/math\pgfmathfunct
ions.misc.code.tex)
(C:\Users\deian\AppData\Local\Programs\MiKTeX\tex/generic/pgf/math\pgfmathfunct
ions.integerarithmetics.code.tex)
(C:\Users\deian\AppData\Local\Programs\MiKTeX\tex/generic/pgf/math\pgfmathcalc.
code.tex)
(C:\Users\deian\AppData\Local\Programs\MiKTeX\tex/generic/pgf/math\pgfmathfloat
.code.tex
\c@pgfmathroundto@lastzeros=\count299
))
(C:\Users\deian\AppData\Local\Programs\MiKTeX\tex/generic/pgf/math\pgfint.code.
tex)
(C:\Users\deian\AppData\Local\Programs\MiKTeX\tex/generic/pgf/basiclayer\pgfcor
epoints.code.tex
File: pgfcorepoints.code.tex 2023-01-15 v3.1.10 (3.1.10)
\pgf@picminx=\dimen178
\pgf@picmaxx=\dimen179
\pgf@picminy=\dimen180
\pgf@picmaxy=\dimen181
\pgf@pathminx=\dimen182
\pgf@pathmaxx=\dimen183
\pgf@pathminy=\dimen184
\pgf@pathmaxy=\dimen185
\pgf@xx=\dimen186
\pgf@xy=\dimen187
\pgf@yx=\dimen188
\pgf@yy=\dimen189
\pgf@zx=\dimen190
\pgf@zy=\dimen191
)
(C:\Users\deian\AppData\Local\Programs\MiKTeX\tex/generic/pgf/basiclayer\pgfcor
epathconstruct.code.tex
File: pgfcorepathconstruct.code.tex 2023-01-15 v3.1.10 (3.1.10)
\pgf@path@lastx=\dimen192
\pgf@path@lasty=\dimen193
)
(C:\Users\deian\AppData\Local\Programs\MiKTeX\tex/generic/pgf/basiclayer\pgfcor
epathusage.code.tex
File: pgfcorepathusage.code.tex 2023-01-15 v3.1.10 (3.1.10)
\pgf@shorten@end@additional=\dimen194
\pgf@shorten@start@additional=\dimen195
)
(C:\Users\deian\AppData\Local\Programs\MiKTeX\tex/generic/pgf/basiclayer\pgfcor
escopes.code.tex
File: pgfcorescopes.code.tex 2023-01-15 v3.1.10 (3.1.10)
\pgfpic=\box58
\pgf@hbox=\box59
\pgf@layerbox@main=\box60
\pgf@picture@serial@count=\count300
)
(C:\Users\deian\AppData\Local\Programs\MiKTeX\tex/generic/pgf/basiclayer\pgfcor
egraphicstate.code.tex
File: pgfcoregraphicstate.code.tex 2023-01-15 v3.1.10 (3.1.10)
\pgflinewidth=\dimen196
)
(C:\Users\deian\AppData\Local\Programs\MiKTeX\tex/generic/pgf/basiclayer\pgfcor
etransformations.code.tex
File: pgfcoretransformations.code.tex 2023-01-15 v3.1.10 (3.1.10)
\pgf@pt@x=\dimen197
\pgf@pt@y=\dimen198
\pgf@pt@temp=\dimen199
)
(C:\Users\deian\AppData\Local\Programs\MiKTeX\tex/generic/pgf/basiclayer\pgfcor
equick.code.tex
File: pgfcorequick.code.tex 2023-01-15 v3.1.10 (3.1.10)
)
(C:\Users\deian\AppData\Local\Programs\MiKTeX\tex/generic/pgf/basiclayer\pgfcor
eobjects.code.tex
File: pgfcoreobjects.code.tex 2023-01-15 v3.1.10 (3.1.10)
)
(C:\Users\deian\AppData\Local\Programs\MiKTeX\tex/generic/pgf/basiclayer\pgfcor
epathprocessing.code.tex
File: pgfcorepathprocessing.code.tex 2023-01-15 v3.1.10 (3.1.10)
)
(C:\Users\deian\AppData\Local\Programs\MiKTeX\tex/generic/pgf/basiclayer\pgfcor
earrows.code.tex
File: pgfcorearrows.code.tex 2023-01-15 v3.1.10 (3.1.10)
\pgfarrowsep=\dimen256
)
(C:\Users\deian\AppData\Local\Programs\MiKTeX\tex/generic/pgf/basiclayer\pgfcor
eshade.code.tex
File: pgfcoreshade.code.tex 2023-01-15 v3.1.10 (3.1.10)
\pgf@max=\dimen257
\pgf@sys@shading@range@num=\count301
\pgf@shadingcount=\count302
)
(C:\Users\deian\AppData\Local\Programs\MiKTeX\tex/generic/pgf/basiclayer\pgfcor
eimage.code.tex
File: pgfcoreimage.code.tex 2023-01-15 v3.1.10 (3.1.10)
)
(C:\Users\deian\AppData\Local\Programs\MiKTeX\tex/generic/pgf/basiclayer\pgfcor
eexternal.code.tex
File: pgfcoreexternal.code.tex 2023-01-15 v3.1.10 (3.1.10)
\pgfexternal@startupbox=\box61
)
(C:\Users\deian\AppData\Local\Programs\MiKTeX\tex/generic/pgf/basiclayer\pgfcor
elayers.code.tex
File: pgfcorelayers.code.tex 2023-01-15 v3.1.10 (3.1.10)
)
(C:\Users\deian\AppData\Local\Programs\MiKTeX\tex/generic/pgf/basiclayer\pgfcor
etransparency.code.tex
File: pgfcoretransparency.code.tex 2023-01-15 v3.1.10 (3.1.10)
)
(C:\Users\deian\AppData\Local\Programs\MiKTeX\tex/generic/pgf/basiclayer\pgfcor
epatterns.code.tex
File: pgfcorepatterns.code.tex 2023-01-15 v3.1.10 (3.1.10)
)
(C:\Users\deian\AppData\Local\Programs\MiKTeX\tex/generic/pgf/basiclayer\pgfcor
erdf.code.tex
File: pgfcorerdf.code.tex 2023-01-15 v3.1.10 (3.1.10)
)))
(C:\Users\deian\AppData\Local\Programs\MiKTeX\tex/generic/pgf/modules\pgfmodule
shapes.code.tex
File: pgfmoduleshapes.code.tex 2023-01-15 v3.1.10 (3.1.10)
\pgfnodeparttextbox=\box62
)
(C:\Users\deian\AppData\Local\Programs\MiKTeX\tex/generic/pgf/modules\pgfmodule
plot.code.tex
File: pgfmoduleplot.code.tex 2023-01-15 v3.1.10 (3.1.10)
)
(C:\Users\deian\AppData\Local\Programs\MiKTeX\tex/latex/pgf/compatibility\pgfco
mp-version-0-65.sty
Package: pgfcomp-version-0-65 2023-01-15 v3.1.10 (3.1.10)
\pgf@nodesepstart=\dimen258
\pgf@nodesepend=\dimen259
)
(C:\Users\deian\AppData\Local\Programs\MiKTeX\tex/latex/pgf/compatibility\pgfco
mp-version-1-18.sty
Package: pgfcomp-version-1-18 2023-01-15 v3.1.10 (3.1.10)
))
(C:\Users\deian\AppData\Local\Programs\MiKTeX\tex/latex/pgf/utilities\pgffor.st
y
(C:\Users\deian\AppData\Local\Programs\MiKTeX\tex/latex/pgf/utilities\pgfkeys.s
ty
(C:\Users\deian\AppData\Local\Programs\MiKTeX\tex/generic/pgf/utilities\pgfkeys
.code.tex))
(C:\Users\deian\AppData\Local\Programs\MiKTeX\tex/latex/pgf/math\pgfmath.sty
(C:\Users\deian\AppData\Local\Programs\MiKTeX\tex/generic/pgf/math\pgfmath.code
.tex))
(C:\Users\deian\AppData\Local\Programs\MiKTeX\tex/generic/pgf/utilities\pgffor.
code.tex
Package: pgffor 2023-01-15 v3.1.10 (3.1.10)
\pgffor@iter=\dimen260
\pgffor@skip=\dimen261
\pgffor@stack=\toks37
\pgffor@toks=\toks38
))
(C:\Users\deian\AppData\Local\Programs\MiKTeX\tex/generic/pgf/frontendlayer/tik
z\tikz.code.tex
Package: tikz 2023-01-15 v3.1.10 (3.1.10)

(C:\Users\deian\AppData\Local\Programs\MiKTeX\tex/generic/pgf/libraries\pgflibr
aryplothandlers.code.tex
File: pgflibraryplothandlers.code.tex 2023-01-15 v3.1.10 (3.1.10)
\pgf@plot@mark@count=\count303
\pgfplotmarksize=\dimen262
)
\tikz@lastx=\dimen263
\tikz@lasty=\dimen264
\tikz@lastxsaved=\dimen265
\tikz@lastysaved=\dimen266
\tikz@lastmovetox=\dimen267
\tikz@lastmovetoy=\dimen268
\tikzleveldistance=\dimen269
\tikzsiblingdistance=\dimen270
\tikz@figbox=\box63
\tikz@figbox@bg=\box64
\tikz@tempbox=\box65
\tikz@tempbox@bg=\box66
\tikztreelevel=\count304
\tikznumberofchildren=\count305
\tikznumberofcurrentchild=\count306
\tikz@fig@count=\count307

(C:\Users\deian\AppData\Local\Programs\MiKTeX\tex/generic/pgf/modules\pgfmodule
matrix.code.tex
File: pgfmodulematrix.code.tex 2023-01-15 v3.1.10 (3.1.10)
\pgfmatrixcurrentrow=\count308
\pgfmatrixcurrentcolumn=\count309
\pgf@matrix@numberofcolumns=\count310
)
\tikz@expandcount=\count311

(C:\Users\deian\AppData\Local\Programs\MiKTeX\tex/generic/pgf/frontendlayer/tik
z/libraries\tikzlibrarytopaths.code.tex
File: tikzlibrarytopaths.code.tex 2023-01-15 v3.1.10 (3.1.10)
)))
(C:\Users\deian\AppData\Local\Programs\MiKTeX\tex/latex/psnfss\courier.sty
Package: courier 2020/03/25 PSNFSS-v9.3 (WaS) 
)
(C:\Users\deian\AppData\Local\Programs\MiKTeX\tex/latex/pgfgantt\pgfgantt.sty
Package: pgfgantt 2024/06/19 v5.0a Draw Gantt diagrams with TikZ

(C:\Users\deian\AppData\Local\Programs\MiKTeX\tex/generic/pgf/frontendlayer/tik
z/libraries\tikzlibraryarrows.code.tex
File: tikzlibraryarrows.code.tex 2023-01-15 v3.1.10 (3.1.10)

(C:\Users\deian\AppData\Local\Programs\MiKTeX\tex/generic/pgf/libraries\pgflibr
aryarrows.code.tex
File: pgflibraryarrows.code.tex 2023-01-15 v3.1.10 (3.1.10)
\arrowsize=\dimen271
))
(C:\Users\deian\AppData\Local\Programs\MiKTeX\tex/generic/pgf/frontendlayer/tik
z/libraries\tikzlibrarybackgrounds.code.tex
File: tikzlibrarybackgrounds.code.tex 2023-01-15 v3.1.10 (3.1.10)
\pgf@layerbox@background=\box67
\pgf@layerboxsaved@background=\box68
)
(C:\Users\deian\AppData\Local\Programs\MiKTeX\tex/generic/pgf/frontendlayer/tik
z/libraries\tikzlibrarycalc.code.tex
File: tikzlibrarycalc.code.tex 2023-01-15 v3.1.10 (3.1.10)
)
(C:\Users\deian\AppData\Local\Programs\MiKTeX\tex/generic/pgf/frontendlayer/tik
z/libraries\tikzlibrarypatterns.code.tex
File: tikzlibrarypatterns.code.tex 2023-01-15 v3.1.10 (3.1.10)

(C:\Users\deian\AppData\Local\Programs\MiKTeX\tex/generic/pgf/libraries\pgflibr
arypatterns.code.tex
File: pgflibrarypatterns.code.tex 2023-01-15 v3.1.10 (3.1.10)
))
(C:\Users\deian\AppData\Local\Programs\MiKTeX\tex/generic/pgf/frontendlayer/tik
z/libraries\tikzlibrarypositioning.code.tex
File: tikzlibrarypositioning.code.tex 2023-01-15 v3.1.10 (3.1.10)
)
(C:\Users\deian\AppData\Local\Programs\MiKTeX\tex/generic/pgf/frontendlayer/tik
z/libraries\tikzlibraryshapes.geometric.code.tex
File: tikzlibraryshapes.geometric.code.tex 2023-01-15 v3.1.10 (3.1.10)

(C:\Users\deian\AppData\Local\Programs\MiKTeX\tex/generic/pgf/libraries/shapes\
pgflibraryshapes.geometric.code.tex
File: pgflibraryshapes.geometric.code.tex 2023-01-15 v3.1.10 (3.1.10)
))
(C:\Users\deian\AppData\Local\Programs\MiKTeX\tex/latex/pgf/utilities\pgfcalend
ar.sty
(C:\Users\deian\AppData\Local\Programs\MiKTeX\tex/generic/pgf/utilities\pgfcale
ndar.code.tex
File: pgfcalendar.code.tex 2023-01-15 v3.1.10 (3.1.10)
\pgfcalendarcurrentjulian=\count312
\pgf@cal@easter@Y=\count313
\pgf@cal@easter@G=\count314
\pgf@cal@easter@C=\count315
\pgf@cal@easter@X=\count316
\pgf@cal@easter@Z=\count317
\pgf@cal@easter@D=\count318
\pgf@cal@easter@E=\count319
\pgf@cal@easter@N=\count320
\pgf@cal@easter@M=\count321
\pgf@cal@easter@julianday=\count322
))
\gtt@currentline=\count323
\gtt@lasttitleline=\count324
\gtt@currgrid=\count325
\gtt@chartwidth=\count326
\gtt@lasttitleslot=\count327
\gtt@elementid=\count328
\gtt@today@slot=\count329
\gtt@startjulian=\count330
\gtt@endjulian=\count331
\gtt@chartid=\count332
\gtt@vrule@slot=\count333
\gtt@calendar@slots=\count334
\gtt@calendar@weeknumber=\count335
\gtt@calendar@startofweek=\count336
\gtt@left@slot=\count337
\gtt@right@slot=\count338
)
(C:\Users\deian\AppData\Local\Programs\MiKTeX\tex/latex/enumitem\enumitem.sty
Package: enumitem 2019/06/20 v3.9 Customized lists
\labelindent=\skip101
\enit@outerparindent=\dimen272
\enit@toks=\toks39
\enit@inbox=\box69
\enit@count@id=\count339
\enitdp@description=\count340
)
(C:\Users\deian\AppData\Local\Programs\MiKTeX\tex/latex/placeins\placeins.sty
Package: placeins 2005/04/18  v 2.2
)
(C:\Users\deian\AppData\Local\Programs\MiKTeX\tex/latex/caption\subcaption.sty
Package: subcaption 2023/07/28 v1.6b Sub-captions (AR)

(C:\Users\deian\AppData\Local\Programs\MiKTeX\tex/latex/caption\caption.sty
Package: caption 2023/08/05 v3.6o Customizing captions (AR)

(C:\Users\deian\AppData\Local\Programs\MiKTeX\tex/latex/caption\caption3.sty
Package: caption3 2023/07/31 v2.4d caption3 kernel (AR)
\caption@tempdima=\dimen273
\captionmargin=\dimen274
\caption@leftmargin=\dimen275
\caption@rightmargin=\dimen276
\caption@width=\dimen277
\caption@indent=\dimen278
\caption@parindent=\dimen279
\caption@hangindent=\dimen280
Package caption Info: Standard document class detected.
)
\c@caption@flags=\count341
\c@continuedfloat=\count342
Package caption Info: float package is loaded.
Package caption Info: hyperref package is loaded.
Package caption Info: listings package is loaded.
)
Package caption Info: New subtype `subfigure' on input line 238.
\c@subfigure=\count343
Package caption Info: New subtype `subtable' on input line 238.
\c@subtable=\count344
) (C:\Users\deian\AppData\Local\Programs\MiKTeX\tex/latex/pdfpages\pdfpages.sty
Package: pdfpages 2025/03/12 v0.6f Insert pages of external PDF documents (AM)

(C:\Users\deian\AppData\Local\Programs\MiKTeX\tex/latex/base\ifthen.sty
Package: ifthen 2022/04/13 v1.1d Standard LaTeX ifthen package (DPC)
)
(C:\Users\deian\AppData\Local\Programs\MiKTeX\tex/latex/tools\calc.sty
Package: calc 2023/07/08 v4.3 Infix arithmetic (KKT,FJ)
\calc@Acount=\count345
\calc@Bcount=\count346
\calc@Adimen=\dimen281
\calc@Bdimen=\dimen282
\calc@Askip=\skip102
\calc@Bskip=\skip103
LaTeX Info: Redefining \setlength on input line 80.
LaTeX Info: Redefining \addtolength on input line 81.
\calc@Ccount=\count347
\calc@Cskip=\skip104
)
(C:\Users\deian\AppData\Local\Programs\MiKTeX\tex/latex/eso-pic\eso-pic.sty
Package: eso-pic 2023/05/03 v3.0c eso-pic (RN)
\ESO@tempdima=\dimen283
\ESO@tempdimb=\dimen284
)
\AM@pagewidth=\dimen285
\AM@pageheight=\dimen286
\AM@fboxrule=\dimen287

(C:\Users\deian\AppData\Local\Programs\MiKTeX\tex/latex/pdfpages\pppdftex.def
File: pppdftex.def 2025/03/12 v0.6f Pdfpages driver for pdfTeX (AM)
)
\pdfpages@includegraphics@status=\count348
\AM@pagebox=\box70
\AM@global@opts=\toks40
\AM@pagecnt=\count349
\AM@toc@title=\toks41
\AM@lof@heading=\toks42
\c@AM@survey=\count350
\AM@templatesizebox=\box71
)
(C:\Users\deian\AppData\Local\Programs\MiKTeX\tex/generic/pgf/frontendlayer/tik
z/libraries\tikzlibraryshapes.code.tex
File: tikzlibraryshapes.code.tex 2023-01-15 v3.1.10 (3.1.10)

(C:\Users\deian\AppData\Local\Programs\MiKTeX\tex/generic/pgf/frontendlayer/tik
z/libraries\tikzlibraryshapes.misc.code.tex
File: tikzlibraryshapes.misc.code.tex 2023-01-15 v3.1.10 (3.1.10)

(C:\Users\deian\AppData\Local\Programs\MiKTeX\tex/generic/pgf/libraries/shapes\
pgflibraryshapes.misc.code.tex
File: pgflibraryshapes.misc.code.tex 2023-01-15 v3.1.10 (3.1.10)
))
(C:\Users\deian\AppData\Local\Programs\MiKTeX\tex/generic/pgf/frontendlayer/tik
z/libraries\tikzlibraryshapes.symbols.code.tex
File: tikzlibraryshapes.symbols.code.tex 2023-01-15 v3.1.10 (3.1.10)

(C:\Users\deian\AppData\Local\Programs\MiKTeX\tex/generic/pgf/libraries/shapes\
pgflibraryshapes.symbols.code.tex
File: pgflibraryshapes.symbols.code.tex 2023-01-15 v3.1.10 (3.1.10)
))
(C:\Users\deian\AppData\Local\Programs\MiKTeX\tex/generic/pgf/frontendlayer/tik
z/libraries\tikzlibraryshapes.arrows.code.tex
File: tikzlibraryshapes.arrows.code.tex 2023-01-15 v3.1.10 (3.1.10)

(C:\Users\deian\AppData\Local\Programs\MiKTeX\tex/generic/pgf/libraries/shapes\
pgflibraryshapes.arrows.code.tex
File: pgflibraryshapes.arrows.code.tex 2023-01-15 v3.1.10 (3.1.10)
))
(C:\Users\deian\AppData\Local\Programs\MiKTeX\tex/generic/pgf/frontendlayer/tik
z/libraries\tikzlibraryshapes.callouts.code.tex
(C:\Users\deian\AppData\Local\Programs\MiKTeX\tex/generic/pgf/libraries/shapes\
pgflibraryshapes.callouts.code.tex))
(C:\Users\deian\AppData\Local\Programs\MiKTeX\tex/generic/pgf/frontendlayer/tik
z/libraries\tikzlibraryshapes.multipart.code.tex
File: tikzlibraryshapes.multipart.code.tex 2023-01-15 v3.1.10 (3.1.10)

(C:\Users\deian\AppData\Local\Programs\MiKTeX\tex/generic/pgf/libraries/shapes\
pgflibraryshapes.multipart.code.tex
File: pgflibraryshapes.multipart.code.tex 2023-01-15 v3.1.10 (3.1.10)
\pgfnodepartlowerbox=\box72
\pgfnodeparttwobox=\box73
\pgfnodepartthreebox=\box74
\pgfnodepartfourbox=\box75
\pgfnodeparttwentybox=\box76
\pgfnodepartnineteenbox=\box77
\pgfnodeparteighteenbox=\box78
\pgfnodepartseventeenbox=\box79
\pgfnodepartsixteenbox=\box80
\pgfnodepartfifteenbox=\box81
\pgfnodepartfourteenbox=\box82
\pgfnodepartthirteenbox=\box83
\pgfnodeparttwelvebox=\box84
\pgfnodepartelevenbox=\box85
\pgfnodeparttenbox=\box86
\pgfnodepartninebox=\box87
\pgfnodeparteightbox=\box88
\pgfnodepartsevenbox=\box89
\pgfnodepartsixbox=\box90
\pgfnodepartfivebox=\box91
)))
(C:\Users\deian\AppData\Local\Programs\MiKTeX\tex/latex/listings\lstlang1.sty
File: lstlang1.sty 2023/02/27 1.9 listings language file
)
(C:\Users\deian\AppData\Local\Programs\MiKTeX\tex/latex/listings\lstlang1.sty
File: lstlang1.sty 2023/02/27 1.9 listings language file
)
LaTeX Font Info:    Trying to load font information for T1+lmr on input line 14
0.

(C:\Users\deian\AppData\Local\Programs\MiKTeX\tex/latex/lm\t1lmr.fd
File: t1lmr.fd 2015/05/01 v1.6.1 Font defs for Latin Modern
)
(C:\Users\deian\AppData\Local\Programs\MiKTeX\tex/latex/l3backend\l3backend-pdf
tex.def
File: l3backend-pdftex.def 2024-01-04 L3 backend support: PDF output (pdfTeX)
\l__color_backend_stack_int=\count351
\l__pdf_internal_box=\box92
) (main.aux
LaTeX Info: Redefining \. on input line 11.
LaTeX Info: Redefining \% on input line 11.
)
\openout1 = `main.aux'.

LaTeX Font Info:    Checking defaults for OML/cmm/m/it on input line 140.
LaTeX Font Info:    ... okay on input line 140.
LaTeX Font Info:    Checking defaults for OMS/cmsy/m/n on input line 140.
LaTeX Font Info:    ... okay on input line 140.
LaTeX Font Info:    Checking defaults for OT1/cmr/m/n on input line 140.
LaTeX Font Info:    ... okay on input line 140.
LaTeX Font Info:    Checking defaults for T1/cmr/m/n on input line 140.
LaTeX Font Info:    ... okay on input line 140.
LaTeX Font Info:    Checking defaults for TS1/cmr/m/n on input line 140.
LaTeX Font Info:    ... okay on input line 140.
LaTeX Font Info:    Checking defaults for OMX/cmex/m/n on input line 140.
LaTeX Font Info:    ... okay on input line 140.
LaTeX Font Info:    Checking defaults for U/cmr/m/n on input line 140.
LaTeX Font Info:    ... okay on input line 140.
LaTeX Font Info:    Checking defaults for PD1/pdf/m/n on input line 140.
LaTeX Font Info:    ... okay on input line 140.
LaTeX Font Info:    Checking defaults for PU/pdf/m/n on input line 140.
LaTeX Font Info:    ... okay on input line 140.
LaTeX Info: Redefining \. on input line 140.
LaTeX Info: Redefining \% on input line 140.
Package hyperref Info: Link coloring OFF on input line 140.
 (main.out) (main.out)
\@outlinefile=\write4
\openout4 = `main.out'.


(C:\Users\deian\AppData\Local\Programs\MiKTeX\tex/context/base/mkii\supp-pdf.mk
ii
[Loading MPS to PDF converter (version 2006.09.02).]
\scratchcounter=\count352
\scratchdimen=\dimen288
\scratchbox=\box93
\nofMPsegments=\count353
\nofMParguments=\count354
\everyMPshowfont=\toks43
\MPscratchCnt=\count355
\MPscratchDim=\dimen289
\MPnumerator=\count356
\makeMPintoPDFobject=\count357
\everyMPtoPDFconversion=\toks44
)
(C:\Users\deian\AppData\Local\Programs\MiKTeX\tex/latex/epstopdf-pkg\epstopdf-b
ase.sty
Package: epstopdf-base 2020-01-24 v2.11 Base part for package epstopdf
Package epstopdf-base Info: Redefining graphics rule for `.eps' on input line 4
85.

(C:\Users\deian\AppData\Local\Programs\MiKTeX\tex/latex/00miktex\epstopdf-sys.c
fg
File: epstopdf-sys.cfg 2021/03/18 v2.0 Configuration of epstopdf for MiKTeX
))
*geometry* driver: auto-detecting
*geometry* detected driver: pdftex
*geometry* verbose mode - [ preamble ] result:
* driver: pdftex
* paper: a4paper
* layout: <same size as paper>
* layoutoffset:(h,v)=(0.0pt,0.0pt)
* modes: twoside 
* h-part:(L,W,R)=(71.13188pt, 455.24411pt, 71.13188pt)
* v-part:(T,H,B)=(71.13188pt, 702.78308pt, 71.13188pt)
* \paperwidth=597.50787pt
* \paperheight=845.04684pt
* \textwidth=455.24411pt
* \textheight=702.78308pt
* \oddsidemargin=-1.1381pt
* \evensidemargin=-1.1381pt
* \topmargin=-42.1381pt
* \headheight=16.0pt
* \headsep=25.0pt
* \topskip=11.0pt
* \footskip=30.0pt
* \marginparwidth=103.0pt
* \marginparsep=10.0pt
* \columnsep=10.0pt
* \skip\footins=10.0pt plus 4.0pt minus 2.0pt
* \hoffset=0.0pt
* \voffset=0.0pt
* \mag=1000
* \@twocolumnfalse
* \@twosidetrue
* \@mparswitchtrue
* \@reversemarginfalse
* (1in=72.27pt=25.4mm, 1cm=28.453pt)

\c@lstlisting=\count358
Package caption Info: Begin \AtBeginDocument code.
Package caption Info: End \AtBeginDocument code.

(C:\Users\deian\AppData\Local\Programs\MiKTeX\tex/latex/pdflscape\pdflscape.sty
Package: pdflscape 2022-10-27 v0.13 Display of landscape pages in PDF

(C:\Users\deian\AppData\Local\Programs\MiKTeX\tex/latex/pdflscape\pdflscape-nom
etadata.sty
Package: pdflscape-nometadata 2022-10-28 v0.13 Display of landscape pages in PD
F (HO)

(C:\Users\deian\AppData\Local\Programs\MiKTeX\tex/latex/graphics\lscape.sty
Package: lscape 2020/05/28 v3.02 Landscape Pages (DPC)
)
Package pdflscape Info: Auto-detected driver: pdftex on input line 81.
))

pdfTeX warning: pdflatex.exe (file ./PortadaCTFG.pdf): PDF inclusion: found PDF
 version <1.7>, but at most version <1.5> allowed
<PortadaCTFG.pdf, id=249, 597.62169pt x 845.16069pt>
File: PortadaCTFG.pdf Graphic file (type pdf)
<use PortadaCTFG.pdf>
Package pdftex.def Info: PortadaCTFG.pdf  used on input line 146.
(pdftex.def)             Requested size: 597.62022pt x 845.15863pt.


pdfTeX warning: pdflatex.exe (file ./PortadaCTFG.pdf): PDF inclusion: found PDF
 version <1.7>, but at most version <1.5> allowed


pdfTeX warning: pdflatex.exe (file ./PortadaCTFG.pdf): PDF inclusion: found PDF
 version <1.7>, but at most version <1.5> allowed
<PortadaCTFG.pdf, id=251, page=1, 597.62169pt x 845.16069pt>
File: PortadaCTFG.pdf Graphic file (type pdf)
<use PortadaCTFG.pdf, page 1>
Package pdftex.def Info: PortadaCTFG.pdf , page1 used on input line 146.
(pdftex.def)             Requested size: 597.62022pt x 845.15863pt.
File: PortadaCTFG.pdf Graphic file (type pdf)
<use PortadaCTFG.pdf, page 1>
Package pdftex.def Info: PortadaCTFG.pdf , page1 used on input line 146.
(pdftex.def)             Requested size: 597.72964pt x 845.31337pt.
File: PortadaCTFG.pdf Graphic file (type pdf)
<use PortadaCTFG.pdf, page 1>
Package pdftex.def Info: PortadaCTFG.pdf , page1 used on input line 146.
(pdftex.def)             Requested size: 597.72964pt x 845.31337pt.
File: PortadaCTFG.pdf Graphic file (type pdf)
<use PortadaCTFG.pdf, page 1>
Package pdftex.def Info: PortadaCTFG.pdf , page1 used on input line 146.
(pdftex.def)             Requested size: 597.72964pt x 845.31337pt.
File: PortadaCTFG.pdf Graphic file (type pdf)
<use PortadaCTFG.pdf, page 1>
Package pdftex.def Info: PortadaCTFG.pdf , page1 used on input line 146.
(pdftex.def)             Requested size: 597.72964pt x 845.31337pt.
[1



 <./PortadaCTFG.pdf>] [2

]
<adicional/cc.xlarge.png, id=288, 1027.84pt x 1027.84pt>
File: adicional/cc.xlarge.png Graphic file (type png)
<use adicional/cc.xlarge.png>
Package pdftex.def Info: adicional/cc.xlarge.png  used on input line 159.
(pdftex.def)             Requested size: 136.57462pt x 136.57239pt.
 [3{C:/Users/deian/AppData/Local/MiKTeX/fonts/map/pdftex/pdftex.map}{C:/Users/d
eian/AppData/Local/Programs/MiKTeX/fonts/enc/dvips/lm/lm-ec.enc} <./adicional/c
c.xlarge.png>] [4]
Underfull \hbox (badness 10000) in paragraph at lines 179--181

 []


Underfull \hbox (badness 10000) in paragraph at lines 182--184

 []


Underfull \hbox (badness 10000) in paragraph at lines 185--187

 []

[5

] [6

] (main.toc
LaTeX Info: Redefining \. on input line 1.
LaTeX Info: Redefining \% on input line 1.
LaTeX Font Info:    Trying to load font information for OT1+lmr on input line 2
.

(C:\Users\deian\AppData\Local\Programs\MiKTeX\tex/latex/lm\ot1lmr.fd
File: ot1lmr.fd 2015/05/01 v1.6.1 Font defs for Latin Modern
)
LaTeX Font Info:    Trying to load font information for OML+lmm on input line 2
.

(C:\Users\deian\AppData\Local\Programs\MiKTeX\tex/latex/lm\omllmm.fd
File: omllmm.fd 2015/05/01 v1.6.1 Font defs for Latin Modern
)
LaTeX Font Info:    Trying to load font information for OMS+lmsy on input line 
2.

(C:\Users\deian\AppData\Local\Programs\MiKTeX\tex/latex/lm\omslmsy.fd
File: omslmsy.fd 2015/05/01 v1.6.1 Font defs for Latin Modern
)
LaTeX Font Info:    Trying to load font information for OMX+lmex on input line 
2.

(C:\Users\deian\AppData\Local\Programs\MiKTeX\tex/latex/lm\omxlmex.fd
File: omxlmex.fd 2015/05/01 v1.6.1 Font defs for Latin Modern
)
LaTeX Font Info:    External font `lmex10' loaded for size
(Font)              <10.95> on input line 2.
LaTeX Font Info:    External font `lmex10' loaded for size
(Font)              <8> on input line 2.
LaTeX Font Info:    External font `lmex10' loaded for size
(Font)              <6> on input line 2.
 [7]
LaTeX Font Info:    Trying to load font information for T1+pcr on input line 73
.

(C:\Users\deian\AppData\Local\Programs\MiKTeX\tex/latex/psnfss\t1pcr.fd
File: t1pcr.fd 2001/06/04 font definitions for T1/pcr.
))
\tf@toc=\write5
\openout5 = `main.toc'.

LaTeX Info: Redefining \. on input line 200.
LaTeX Info: Redefining \% on input line 200.

[8{C:/Users/deian/AppData/Local/Programs/MiKTeX/fonts/enc/dvips/base/8r.enc}]
(main.lof
LaTeX Info: Redefining \. on input line 1.
LaTeX Info: Redefining \% on input line 1.
 [9])
\tf@lof=\write6
\openout6 = `main.lof'.

LaTeX Info: Redefining \. on input line 204.
LaTeX Info: Redefining \% on input line 204.
 [10] (main.lot
LaTeX Info: Redefining \. on input line 1.
LaTeX Info: Redefining \% on input line 1.
)
\tf@lot=\write7
\openout7 = `main.lot'.

 [11] [12] (main.lol [13

])
\tf@lol=\write8
\openout8 = `main.lol'.

LaTeX Info: Redefining \. on input line 223.
LaTeX Info: Redefining \% on input line 223.
 [14] [15

]
LaTeX Info: Redefining \. on input line 259.
LaTeX Info: Redefining \% on input line 259.
 [16]
Cap\'{\i }tulo 1.

Underfull \hbox (badness 10000) in paragraph at lines 261--262

 []

[1

]
Cap\'{\i }tulo 2.

Underfull \hbox (badness 10000) in paragraph at lines 267--268

 []


Underfull \hbox (badness 10000) in paragraph at lines 269--270

 []


Underfull \hbox (badness 10000) in paragraph at lines 271--272

 []

[2

]
Cap\'{\i }tulo 3.

Underfull \hbox (badness 10000) in paragraph at lines 274--275

 []

[3

]
Cap\'{\i }tulo 4.

Underfull \hbox (badness 10000) in paragraph at lines 291--292

 []


Underfull \hbox (badness 10000) in paragraph at lines 297--298

 []


Underfull \hbox (badness 10000) in paragraph at lines 299--300

 []


Underfull \hbox (badness 10000) in paragraph at lines 309--310

 []

[4

]
LaTeX Info: Redefining \. on input line 322.
LaTeX Info: Redefining \% on input line 322.
 [5]
<cronograma/cronograma.png, id=731, 1237.9851pt x 693.0693pt>
File: cronograma/cronograma.png Graphic file (type png)
<use cronograma/cronograma.png>
Package pdftex.def Info: cronograma/cronograma.png  used on input line 327.
(pdftex.def)             Requested size: 433.30128pt x 242.57788pt.
<cronograma/real_estimado.png, id=732, 1191.7323pt x 652.5981pt>
File: cronograma/real_estimado.png Graphic file (type png)
<use cronograma/real_estimado.png>
Package pdftex.def Info: cronograma/real_estimado.png  used on input line 333.
(pdftex.def)             Requested size: 417.11255pt x 228.41275pt.
LaTeX Info: Redefining \. on input line 338.
LaTeX Info: Redefining \% on input line 338.
 [6 <./cronograma/cronograma.png> <./cronograma/real_estimado.png>]
Cap\'{\i }tulo 5.
[7

]
LaTeX Info: Redefining \. on input line 380.
LaTeX Info: Redefining \% on input line 380.
 [8]
Cap\'{\i }tulo 6.

Underfull \hbox (badness 10000) in paragraph at lines 388--389

 []


Underfull \hbox (badness 10000) in paragraph at lines 390--391

 []

LaTeX Font Info:    Trying to load font information for TS1+lmr on input line 3
99.
(C:\Users\deian\AppData\Local\Programs\MiKTeX\tex/latex/lm\ts1lmr.fd
File: ts1lmr.fd 2015/05/01 v1.6.1 Font defs for Latin Modern
) [9

{C:/Users/deian/AppData/Local/Programs/MiKTeX/fonts/enc/dvips/lm/lm-ts1.enc}]
Underfull \hbox (badness 10000) in paragraph at lines 468--469

 []

LaTeX Info: Redefining \. on input line 469.
LaTeX Info: Redefining \% on input line 469.
[10]
Underfull \hbox (badness 10000) in paragraph at lines 474--475

 []

LaTeX Info: Redefining \. on input line 499.
LaTeX Info: Redefining \% on input line 499.
[11]
<adicional/diagrama_arquitectura.png, id=783, 723.70375pt x 201.75375pt>
File: adicional/diagrama_arquitectura.png Graphic file (type png)
<use adicional/diagrama_arquitectura.png>
Package pdftex.def Info: adicional/diagrama_arquitectura.png  used on input lin
e 506.
(pdftex.def)             Requested size: 361.85098pt x 100.87662pt.
LaTeX Info: Redefining \. on input line 534.
LaTeX Info: Redefining \% on input line 534.
 [12 <./adicional/diagrama_arquitectura.png>]
Underfull \hbox (badness 10000) in paragraph at lines 567--568

 []

LaTeX Info: Redefining \. on input line 571.
LaTeX Info: Redefining \% on input line 571.
[13]
LaTeX Info: Redefining \. on input line 620.
LaTeX Info: Redefining \% on input line 620.
 [14]
LaTeX Info: Redefining \. on input line 674.
LaTeX Info: Redefining \% on input line 674.
 [15]
Underfull \hbox (badness 10000) in paragraph at lines 684--685

 []

LaTeX Info: Redefining \. on input line 701.
LaTeX Info: Redefining \% on input line 701.
[16]
LaTeX Info: Redefining \. on input line 722.
LaTeX Info: Redefining \% on input line 722.
 [17]
Cap\'{\i }tulo 7.

Underfull \hbox (badness 10000) in paragraph at lines 725--726

 []


Underfull \hbox (badness 10000) in paragraph at lines 727--728

 []


Underfull \hbox (badness 10000) in paragraph at lines 729--730

 []


Underfull \hbox (badness 10000) in paragraph at lines 731--732

 []


Underfull \hbox (badness 10000) in paragraph at lines 733--734

 []

[18

]
Underfull \hbox (badness 10000) in paragraph at lines 755--756

 []


Overfull \hbox (8.63618pt too wide) in paragraph at lines 768--769
[]\T1/lmr/bx/n/10.95 Dependencias bá-si-cas: \T1/pcr/m/n/10.95 CMake (3.5+)\T1/
lmr/m/n/10.95 , \T1/pcr/m/n/10.95 GCC (6.0+)\T1/lmr/m/n/10.95 , \T1/pcr/m/n/10.
95 libpcap-dev\T1/lmr/m/n/10.95 , \T1/pcr/m/n/10.95 libpcre\T1/lmr/m/n/10.95 , 
\T1/pcr/m/n/10.95 zlib\T1/lmr/m/n/10.95 ,
 []

LaTeX Info: Redefining \. on input line 769.
LaTeX Info: Redefining \% on input line 769.
[19]
<script_automatico/network.png, id=831, 743.77875pt x 302.12875pt>
File: script_automatico/network.png Graphic file (type png)
<use script_automatico/network.png>
Package pdftex.def Info: script_automatico/network.png  used on input line 792.

(pdftex.def)             Requested size: 446.27069pt x 181.27864pt.
LaTeX Info: Redefining \. on input line 801.
LaTeX Info: Redefining \% on input line 801.
 [20 <./script_automatico/network.png>]
LaTeX Info: Redefining \. on input line 841.
LaTeX Info: Redefining \% on input line 841.
 [21]
LaTeX Info: Redefining \. on input line 860.
LaTeX Info: Redefining \% on input line 860.
 [22]
LaTeX Font Info:    External font `lmex10' loaded for size
(Font)              <9> on input line 868.
LaTeX Font Info:    External font `lmex10' loaded for size
(Font)              <5> on input line 868.
Package hyperref Info: bookmark level for unknown lstlisting defaults to 0 on i
nput line 870.
LaTeX Font Info:    External font `lmex10' loaded for size
(Font)              <10> on input line 871.
LaTeX Font Info:    External font `lmex10' loaded for size
(Font)              <7> on input line 871.
<instalacion_snort/1-1.png, id=849, 3693.8pt x 2517.405pt>
File: instalacion_snort/1-1.png Graphic file (type png)
<use instalacion_snort/1-1.png>
Package pdftex.def Info: instalacion_snort/1-1.png  used on input line 888.
(pdftex.def)             Requested size: 369.40164pt x 251.75525pt.
LaTeX Info: Redefining \. on input line 892.
LaTeX Info: Redefining \% on input line 892.
 [23 <./instalacion_snort/1-1.png>]
<instalacion_snort/2-2.png, id=862, 3091.55pt x 1521.685pt>
File: instalacion_snort/2-2.png Graphic file (type png)
<use instalacion_snort/2-2.png>
Package pdftex.def Info: instalacion_snort/2-2.png  used on input line 902.
(pdftex.def)             Requested size: 370.97pt x 182.59431pt.
<instalacion_snort/3-3.png, id=863, 2834.59pt x 1614.03pt>
File: instalacion_snort/3-3.png Graphic file (type png)
<use instalacion_snort/3-3.png>
Package pdftex.def Info: instalacion_snort/3-3.png  used on input line 914.
(pdftex.def)             Requested size: 340.13612pt x 193.67525pt.
LaTeX Info: Redefining \. on input line 918.
LaTeX Info: Redefining \% on input line 918.
 [24 <./instalacion_snort/2-2.png> <./instalacion_snort/3-3.png>]
<instalacion_snort/4-4.png, id=872, 3019.28pt x 3147.76pt>
File: instalacion_snort/4-4.png Graphic file (type png)
<use instalacion_snort/4-4.png>
Package pdftex.def Info: instalacion_snort/4-4.png  used on input line 928.
(pdftex.def)             Requested size: 362.29797pt x 377.7149pt.
LaTeX Info: Redefining \. on input line 933.
LaTeX Info: Redefining \% on input line 933.

[25 <./instalacion_snort/4-4.png>]
<instalacion_snort/5-5.png, id=879, 3452.9pt x 1806.75pt>
File: instalacion_snort/5-5.png Graphic file (type png)
<use instalacion_snort/5-5.png>
Package pdftex.def Info: instalacion_snort/5-5.png  used on input line 944.
(pdftex.def)             Requested size: 414.33012pt x 216.80064pt.
<instalacion_snort/6-6.png, id=880, 3199.955pt x 1718.42pt>
File: instalacion_snort/6-6.png Graphic file (type png)
<use instalacion_snort/6-6.png>
Package pdftex.def Info: instalacion_snort/6-6.png  used on input line 960.
(pdftex.def)             Requested size: 383.97804pt x 206.2015pt.
LaTeX Info: Redefining \. on input line 963.
LaTeX Info: Redefining \% on input line 963.
 [26 <./instalacion_snort/5-5.png>]
Overfull \hbox (19.70879pt too wide) in paragraph at lines 964--965
[]\T1/lmr/m/n/10.95 Editamos el ar-chi-vo \T1/pcr/m/n/10.95 dnet.pc \T1/lmr/m/n
/10.95 usan-do \T1/pcr/m/n/10.95 nano\T1/lmr/m/n/10.95 , aña-dien-do las ru-tas
 co-rrec-tas pa-ra que \T1/pcr/m/n/10.95 pkg-config
 []

<instalacion_snort/7.png, id=890, 191.9672pt x 166.37157pt>
File: instalacion_snort/7.png Graphic file (type png)
<use instalacion_snort/7.png>
Package pdftex.def Info: instalacion_snort/7.png  used on input line 968.
(pdftex.def)             Requested size: 191.96672pt x 166.37114pt.
LaTeX Info: Redefining \. on input line 980.
LaTeX Info: Redefining \% on input line 980.
[27{C:/Users/deian/AppData/Local/Programs/MiKTeX/fonts/enc/dvips/lm/lm-mathsy.e
nc}{C:/Users/deian/AppData/Local/Programs/MiKTeX/fonts/enc/dvips/lm/lm-mathit.e
nc} <./instalacion_snort/6-6.png> <./instalacion_snort/7.png>]
<instalacion_snort/8-8.png, id=905, 3693.8pt x 1357.07pt>
File: instalacion_snort/8-8.png Graphic file (type png)
<use instalacion_snort/8-8.png>
Package pdftex.def Info: instalacion_snort/8-8.png  used on input line 984.
(pdftex.def)             Requested size: 443.23688pt x 162.84137pt.
LaTeX Info: Redefining \. on input line 988.
LaTeX Info: Redefining \% on input line 988.
 [28 <./instalacion_snort/8-8.png>]
<instalacion_snort/9-9.png, id=911, 3493.05pt x 1357.07pt>
File: instalacion_snort/9-9.png Graphic file (type png)
<use instalacion_snort/9-9.png>
Package pdftex.def Info: instalacion_snort/9-9.png  used on input line 1000.
(pdftex.def)             Requested size: 419.14792pt x 162.84137pt.
<instalacion_snort/10-10.png, id=912, 2469.225pt x 1264.725pt>
File: instalacion_snort/10-10.png Graphic file (type png)
<use instalacion_snort/10-10.png>
Package pdftex.def Info: instalacion_snort/10-10.png  used on input line 1013.
(pdftex.def)             Requested size: 296.29422pt x 151.76045pt.
LaTeX Info: Redefining \. on input line 1017.
LaTeX Info: Redefining \% on input line 1017.
 [29 <./instalacion_snort/9-9.png> <./instalacion_snort/10-10.png>]
<instalacion_snort/11-11.png, id=922, 2577.63pt x 1084.05pt>
File: instalacion_snort/11-11.png Graphic file (type png)
<use instalacion_snort/11-11.png>
Package pdftex.def Info: instalacion_snort/11-11.png  used on input line 1029.
(pdftex.def)             Requested size: 309.30226pt x 130.08038pt.
<instalacion_snort/12-12.png, id=923, 2396.955pt x 1357.07pt>
File: instalacion_snort/12-12.png Graphic file (type png)
<use instalacion_snort/12-12.png>
Package pdftex.def Info: instalacion_snort/12-12.png  used on input line 1041.
(pdftex.def)             Requested size: 287.6222pt x 162.84137pt.
LaTeX Info: Redefining \. on input line 1045.
LaTeX Info: Redefining \% on input line 1045.
 [30 <./instalacion_snort/11-11.png> <./instalacion_snort/12-12.png>]
<instalacion_snort/13-13.png, id=932, 2505.36pt x 1357.07pt>
File: instalacion_snort/13-13.png Graphic file (type png)
<use instalacion_snort/13-13.png>
Package pdftex.def Info: instalacion_snort/13-13.png  used on input line 1055.
(pdftex.def)             Requested size: 300.63023pt x 162.84137pt.
<instalacion_snort/14-14.png, id=933, 3693.8pt x 1899.095pt>
File: instalacion_snort/14-14.png Graphic file (type png)
<use instalacion_snort/14-14.png>
Package pdftex.def Info: instalacion_snort/14-14.png  used on input line 1069.
(pdftex.def)             Requested size: 0.0pt x 0.0pt.
LaTeX Info: Redefining \. on input line 1073.
LaTeX Info: Redefining \% on input line 1073.

[31 <./instalacion_snort/13-13.png> <./instalacion_snort/14-14.png>]
<instalacion_snort/15-15.png, id=944, 3529.185pt x 1537.745pt>
File: instalacion_snort/15-15.png Graphic file (type png)
<use instalacion_snort/15-15.png>
Package pdftex.def Info: instalacion_snort/15-15.png  used on input line 1085.
(pdftex.def)             Requested size: 423.48393pt x 184.52144pt.
<instalacion_snort/16-16.png, id=945, 3236.09pt x 1445.4pt>
File: instalacion_snort/16-16.png Graphic file (type png)
<use instalacion_snort/16-16.png>
Package pdftex.def Info: instalacion_snort/16-16.png  used on input line 1099.
(pdftex.def)             Requested size: 323.62796pt x 144.54846pt.
LaTeX Info: Redefining \. on input line 1103.
LaTeX Info: Redefining \% on input line 1103.
 [32 <./instalacion_snort/15-15.png> <./instalacion_snort/16-16.png>]
<instalacion_snort/19-19.png, id=954, 2979.13pt x 1537.745pt>
File: instalacion_snort/19-19.png Graphic file (type png)
<use instalacion_snort/19-19.png>
Package pdftex.def Info: instalacion_snort/19-19.png  used on input line 1116.
(pdftex.def)             Requested size: 357.48018pt x 184.52144pt.
<instalacion_snort/20-20.png, id=955, 3051.4pt x 1445.4pt>
File: instalacion_snort/20-20.png Graphic file (type png)
<use instalacion_snort/20-20.png>
Package pdftex.def Info: instalacion_snort/20-20.png  used on input line 1128.
(pdftex.def)             Requested size: 366.1522pt x 173.4405pt.
LaTeX Info: Redefining \. on input line 1132.
LaTeX Info: Redefining \% on input line 1132.
 [33 <./instalacion_snort/19-19.png> <./instalacion_snort/20-20.png>]
<instalacion_snort/17-17.png, id=966, 3693.8pt x 1537.745pt>
File: instalacion_snort/17-17.png Graphic file (type png)
<use instalacion_snort/17-17.png>
Package pdftex.def Info: instalacion_snort/17-17.png  used on input line 1144.
(pdftex.def)             Requested size: 443.23688pt x 184.52144pt.
<instalacion_snort/18-18.png, id=967, 3693.8pt x 995.72pt>
File: instalacion_snort/18-18.png Graphic file (type png)
<use instalacion_snort/18-18.png>
Package pdftex.def Info: instalacion_snort/18-18.png  used on input line 1158.
(pdftex.def)             Requested size: 443.23688pt x 119.48125pt.
LaTeX Info: Redefining \. on input line 1162.
LaTeX Info: Redefining \% on input line 1162.
 [34 <./instalacion_snort/17-17.png> <./instalacion_snort/18-18.png>]
<instalacion_snort/21-21.png, id=978, 3452.9pt x 4155.525pt>
File: instalacion_snort/21-21.png Graphic file (type png)
<use instalacion_snort/21-21.png>
Package pdftex.def Info: instalacion_snort/21-21.png  used on input line 1172.
(pdftex.def)             Requested size: 414.33012pt x 498.6415pt.
LaTeX Info: Redefining \. on input line 1176.
LaTeX Info: Redefining \% on input line 1176.
 [35 <./instalacion_snort/21-21.png>]
<instalacion_snort/22-22.png, id=985, 3693.8pt x 3613.5pt>
File: instalacion_snort/22-22.png Graphic file (type png)
<use instalacion_snort/22-22.png>
Package pdftex.def Info: instalacion_snort/22-22.png  used on input line 1188.
(pdftex.def)             Requested size: 443.23688pt x 433.6013pt.
LaTeX Info: Redefining \. on input line 1192.
LaTeX Info: Redefining \% on input line 1192.

[36 <./instalacion_snort/22-22.png>]
<instalacion_snort/23-23.png, id=992, 2798.455pt x 2348.775pt>
File: instalacion_snort/23-23.png Graphic file (type png)
<use instalacion_snort/23-23.png>
Package pdftex.def Info: instalacion_snort/23-23.png  used on input line 1202.
(pdftex.def)             Requested size: 335.80011pt x 281.84084pt.
<instalacion_snort/24.png, id=993, 465.23813pt x 228.10219pt>
File: instalacion_snort/24.png Graphic file (type png)
<use instalacion_snort/24.png>
Package pdftex.def Info: instalacion_snort/24.png  used on input line 1217.
(pdftex.def)             Requested size: 232.61848pt x 114.0508pt.
LaTeX Info: Redefining \. on input line 1222.
LaTeX Info: Redefining \% on input line 1222.
 [37 <./instalacion_snort/23-23.png> <./instalacion_snort/24.png>]
<instalacion_snort/25-25.png, id=1002, 3601.455pt x 3525.17pt>
File: instalacion_snort/25-25.png Graphic file (type png)
<use instalacion_snort/25-25.png>
Package pdftex.def Info: instalacion_snort/25-25.png  used on input line 1231.
(pdftex.def)             Requested size: 432.15596pt x 423.00215pt.
LaTeX Info: Redefining \. on input line 1235.
LaTeX Info: Redefining \% on input line 1235.
 [38 <./instalacion_snort/25-25.png>]
Underfull \hbox (badness 10000) in paragraph at lines 1239--1240

 []

<instalacion_reglas_snort/1-1.png, id=1011, 3693.8pt x 2983.145pt>
File: instalacion_reglas_snort/1-1.png Graphic file (type png)
<use instalacion_reglas_snort/1-1.png>
Package pdftex.def Info: instalacion_reglas_snort/1-1.png  used on input line 1
250.
(pdftex.def)             Requested size: 443.23688pt x 357.96196pt.
LaTeX Info: Redefining \. on input line 1255.
LaTeX Info: Redefining \% on input line 1255.
[39 <./instalacion_reglas_snort/1-1.png>]
<instalacion_reglas_snort/2.png, id=1021, 494.59781pt x 189.70876pt>
File: instalacion_reglas_snort/2.png Graphic file (type png)
<use instalacion_reglas_snort/2.png>
Package pdftex.def Info: instalacion_reglas_snort/2.png  used on input line 126
4.
(pdftex.def)             Requested size: 395.67877pt x 151.7672pt.
<instalacion_reglas_snort/3-3.png, id=1022, 3693.8pt x 1987.425pt>
File: instalacion_reglas_snort/3-3.png Graphic file (type png)
<use instalacion_reglas_snort/3-3.png>
Package pdftex.def Info: instalacion_reglas_snort/3-3.png  used on input line 1
276.
(pdftex.def)             Requested size: 443.23688pt x 238.48071pt.
LaTeX Info: Redefining \. on input line 1280.
LaTeX Info: Redefining \% on input line 1280.
 [40 <./instalacion_reglas_snort/2.png> <./instalacion_reglas_snort/3-3.png>]
Underfull \hbox (badness 10000) in paragraph at lines 1286--1288

 []

<http_inspect/4.png, id=1032, 476.53032pt x 508.90125pt>
File: http_inspect/4.png Graphic file (type png)
<use http_inspect/4.png>
Package pdftex.def Info: http_inspect/4.png  used on input line 1307.
(pdftex.def)             Requested size: 238.26457pt x 254.45pt.
LaTeX Info: Redefining \. on input line 1310.
LaTeX Info: Redefining \% on input line 1310.
[41]
<http_inspect/5.png, id=1037, 572.89032pt x 625.58719pt>
File: http_inspect/5.png Graphic file (type png)
<use http_inspect/5.png>
Package pdftex.def Info: http_inspect/5.png  used on input line 1313.
(pdftex.def)             Requested size: 257.79826pt x 281.51163pt.

Underfull \hbox (badness 10000) in paragraph at lines 1320--1322

 []


Underfull \hbox (badness 10000) in paragraph at lines 1323--1325

 []

LaTeX Info: Redefining \. on input line 1325.
LaTeX Info: Redefining \% on input line 1325.
[42 <./http_inspect/4.png> <./http_inspect/5.png>]
<http_inspect/6-6.png, id=1044, 3693.8pt x 1626.075pt>
File: http_inspect/6-6.png Graphic file (type png)
<use http_inspect/6-6.png>
Package pdftex.def Info: http_inspect/6-6.png  used on input line 1334.
(pdftex.def)             Requested size: 369.40164pt x 162.61702pt.
<ssl_inspect/8.png, id=1045, 394.47375pt x 100.87688pt>
File: ssl_inspect/8.png Graphic file (type png)
<use ssl_inspect/8.png>
Package pdftex.def Info: ssl_inspect/8.png  used on input line 1345.
(pdftex.def)             Requested size: 315.57942pt x 80.7016pt.
<ssl_inspect/9.png, id=1046, 297.36093pt x 22.58438pt>
File: ssl_inspect/9.png Graphic file (type png)
<use ssl_inspect/9.png>
Package pdftex.def Info: ssl_inspect/9.png  used on input line 1353.
(pdftex.def)             Requested size: 237.88905pt x 18.0675pt.
LaTeX Info: Redefining \. on input line 1358.
LaTeX Info: Redefining \% on input line 1358.
 [43 <./http_inspect/6-6.png> <./ssl_inspect/8.png> <./ssl_inspect/9.png>]
<stream_ip/1.png, id=1055, 549.55313pt x 108.405pt>
File: stream_ip/1.png Graphic file (type png)
<use stream_ip/1.png>
Package pdftex.def Info: stream_ip/1.png  used on input line 1373.
(pdftex.def)             Requested size: 439.6431pt x 86.7241pt.
<stream_tcp/1.png, id=1056, 705.38531pt x 252.945pt>
File: stream_tcp/1.png Graphic file (type png)
<use stream_tcp/1.png>
Package pdftex.def Info: stream_tcp/1.png  used on input line 1385.
(pdftex.def)             Requested size: 423.23445pt x 151.76816pt.
LaTeX Info: Redefining \. on input line 1388.
LaTeX Info: Redefining \% on input line 1388.
 [44 <./stream_ip/1.png>]
Underfull \hbox (badness 10000) in paragraph at lines 1391--1392

 []

<reputation/1.png, id=1068, 423.83344pt x 131.74219pt>
File: reputation/1.png Graphic file (type png)
<use reputation/1.png>
Package pdftex.def Info: reputation/1.png  used on input line 1397.
(pdftex.def)             Requested size: 339.06718pt x 105.39388pt.

Underfull \hbox (badness 10000) in paragraph at lines 1403--1404

 []

<sensitive/1.png, id=1069, 717.43031pt x 328.22626pt>
File: sensitive/1.png Graphic file (type png)
<use sensitive/1.png>
Package pdftex.def Info: sensitive/1.png  used on input line 1414.
(pdftex.def)             Requested size: 430.4615pt x 196.93727pt.
LaTeX Info: Redefining \. on input line 1417.
LaTeX Info: Redefining \% on input line 1417.
[45 <./stream_tcp/1.png> <./reputation/1.png>]
<sensitive/2.png, id=1079, 484.81125pt x 200.24812pt>
File: sensitive/2.png Graphic file (type png)
<use sensitive/2.png>
Package pdftex.def Info: sensitive/2.png  used on input line 1422.
(pdftex.def)             Requested size: 290.88899pt x 120.1498pt.
<clamAV/1.png, id=1080, 716.6775pt x 618.05907pt>
File: clamAV/1.png Graphic file (type png)
<use clamAV/1.png>
Package pdftex.def Info: clamAV/1.png  used on input line 1436.
(pdftex.def)             Requested size: 430.00983pt x 370.8383pt.
LaTeX Info: Redefining \. on input line 1439.
LaTeX Info: Redefining \% on input line 1439.
 [46 <./sensitive/1.png> <./sensitive/2.png>]
<clamAV/2.png, id=1088, 670.00313pt x 90.3375pt>
File: clamAV/2.png Graphic file (type png)
<use clamAV/2.png>
Package pdftex.def Info: clamAV/2.png  used on input line 1450.
(pdftex.def)             Requested size: 402.00497pt x 54.2029pt.
LaTeX Info: Redefining \. on input line 1455.
LaTeX Info: Redefining \% on input line 1455.
 [47 <./clamAV/1.png> <./clamAV/2.png>]
File: script_automatico/network.png Graphic file (type png)
<use script_automatico/network.png>
Package pdftex.def Info: script_automatico/network.png  used on input line 1465
.
(pdftex.def)             Requested size: 446.27069pt x 181.27864pt.

Underfull \hbox (badness 10000) in paragraph at lines 1482--1483

 []

LaTeX Info: Redefining \. on input line 1489.
LaTeX Info: Redefining \% on input line 1489.
[48]
Underfull \hbox (badness 10000) in paragraph at lines 1505--1507

 []

LaTeX Info: Redefining \. on input line 1525.
LaTeX Info: Redefining \% on input line 1525.
[49]
LaTeX Info: Redefining \. on input line 1569.
LaTeX Info: Redefining \% on input line 1569.
 [50]
Underfull \hbox (badness 10000) in paragraph at lines 1592--1593

 []

LaTeX Info: Redefining \. on input line 1597.
LaTeX Info: Redefining \% on input line 1597.
[51]
Underfull \hbox (badness 10000) in paragraph at lines 1602--1604

 []

<script_automatico/13.png, id=1145, 269.50688pt x 507.39563pt>
File: script_automatico/13.png Graphic file (type png)
<use script_automatico/13.png>
Package pdftex.def Info: script_automatico/13.png  used on input line 1609.
(pdftex.def)             Requested size: 215.60579pt x 405.91705pt.
LaTeX Info: Redefining \. on input line 1614.
LaTeX Info: Redefining \% on input line 1614.
[52 <./script_automatico/13.png>]
LaTeX Info: Redefining \. on input line 1650.
LaTeX Info: Redefining \% on input line 1650.
 [53]
LaTeX Info: Redefining \. on input line 1657.
LaTeX Info: Redefining \% on input line 1657.
 [54]
Cap\'{\i }tulo 8.
File: script_automatico/network.png Graphic file (type png)
<use script_automatico/network.png>
Package pdftex.def Info: script_automatico/network.png  used on input line 1673
.
(pdftex.def)             Requested size: 446.27069pt x 181.27864pt.
[55

]
Underfull \hbox (badness 10000) in paragraph at lines 1688--1689

 []

<pruebas_config/1-1.JPG, id=1176, 483.8075pt x 1284.8pt>
File: pruebas_config/1-1.JPG Graphic file (type jpg)
<use pruebas_config/1-1.JPG>
Package pdftex.def Info: pruebas_config/1-1.JPG  used on input line 1694.
(pdftex.def)             Requested size: 136.57462pt x 362.68222pt.
LaTeX Info: Redefining \. on input line 1699.
LaTeX Info: Redefining \% on input line 1699.
[56 <./pruebas_config/1-1.JPG>]
<pruebas_config/2-2.JPG, id=1183, 1284.8pt x 1051.93pt>
File: pruebas_config/2-2.JPG Graphic file (type jpg)
<use pruebas_config/2-2.JPG>
Package pdftex.def Info: pruebas_config/2-2.JPG  used on input line 1706.
(pdftex.def)             Requested size: 295.90588pt x 242.25983pt.
<pruebas_config/3-router.png, id=1184, 764.10469pt x 537.50812pt>
File: pruebas_config/3-router.png Graphic file (type png)
<use pruebas_config/3-router.png>
Package pdftex.def Info: pruebas_config/3-router.png  used on input line 1716.
(pdftex.def)             Requested size: 295.90588pt x 208.15102pt.
LaTeX Info: Redefining \. on input line 1723.
LaTeX Info: Redefining \% on input line 1723.
 [57 <./pruebas_config/2-2.JPG> <./pruebas_config/3-router.png>]
<pruebas_config/4-localizar_tenda.png, id=1191, 751.30687pt x 474.27188pt>
File: pruebas_config/4-localizar_tenda.png Graphic file (type png)
<use pruebas_config/4-localizar_tenda.png>
Package pdftex.def Info: pruebas_config/4-localizar_tenda.png  used on input li
ne 1726.
(pdftex.def)             Requested size: 295.90588pt x 186.79619pt.
<pruebas_config/5-tenda_web.png, id=1192, 451.6875pt x 414.79968pt>
File: pruebas_config/5-tenda_web.png Graphic file (type png)
<use pruebas_config/5-tenda_web.png>
Package pdftex.def Info: pruebas_config/5-tenda_web.png  used on input line 173
2.
(pdftex.def)             Requested size: 227.62206pt x 209.03862pt.
<pruebas_config/6-cambio_pass_tenda.png, id=1193, 436.63126pt x 405.76593pt>
File: pruebas_config/6-cambio_pass_tenda.png Graphic file (type png)
<use pruebas_config/6-cambio_pass_tenda.png>
Package pdftex.def Info: pruebas_config/6-cambio_pass_tenda.png  used on input 
line 1742.
(pdftex.def)             Requested size: 227.62206pt x 211.53197pt.
LaTeX Info: Redefining \. on input line 1745.
LaTeX Info: Redefining \% on input line 1745.
 [58 <./pruebas_config/4-localizar_tenda.png> <./pruebas_config/5-tenda_web.png
>]
<pruebas_config/7-pagina_tenda.png, id=1200, 1441.63594pt x 680.5425pt>
File: pruebas_config/7-pagina_tenda.png Graphic file (type png)
<use pruebas_config/7-pagina_tenda.png>
Package pdftex.def Info: pruebas_config/7-pagina_tenda.png  used on input line 
1752.
(pdftex.def)             Requested size: 364.19667pt x 171.9213pt.
<pruebas_config/9-asignacion_port.png, id=1201, 751.30687pt x 367.3725pt>
File: pruebas_config/9-asignacion_port.png Graphic file (type png)
<use pruebas_config/9-asignacion_port.png>
Package pdftex.def Info: pruebas_config/9-asignacion_port.png  used on input li
ne 1762.
(pdftex.def)             Requested size: 364.19667pt x 178.08574pt.
LaTeX Info: Redefining \. on input line 1765.
LaTeX Info: Redefining \% on input line 1765.
 [59 <./pruebas_config/6-cambio_pass_tenda.png> <./pruebas_config/7-pagina_tend
a.png>]
Underfull \hbox (badness 10000) in paragraph at lines 1766--1767

 []

<script_automatico/14.png, id=1210, 479.54156pt x 704.6325pt>
File: script_automatico/14.png Graphic file (type png)
<use script_automatico/14.png>
Package pdftex.def Info: script_automatico/14.png  used on input line 1774.
(pdftex.def)             Requested size: 167.84206pt x 246.62508pt.
<pruebas_config/10-10.png, id=1211, 458.71375pt x 360.34625pt>
File: pruebas_config/10-10.png Graphic file (type png)
<use pruebas_config/10-10.png>
Package pdftex.def Info: pruebas_config/10-10.png  used on input line 1781.
(pdftex.def)             Requested size: 160.55222pt x 126.12308pt.
LaTeX Info: Redefining \. on input line 1791.
LaTeX Info: Redefining \% on input line 1791.
[60 <./pruebas_config/9-asignacion_port.png> <./script_automatico/14.png> <./pr
uebas_config/10-10.png>]
Underfull \hbox (badness 10000) in paragraph at lines 1804--1806

 []


Underfull \hbox (badness 10000) in paragraph at lines 1814--1815

 []

<pruebas_bien/seccion_uno/1.png, id=1220, 3537.215pt x 1746.525pt>
File: pruebas_bien/seccion_uno/1.png Graphic file (type png)
<use pruebas_bien/seccion_uno/1.png>
Package pdftex.def Info: pruebas_bien/seccion_uno/1.png  used on input line 183
8.
(pdftex.def)             Requested size: 409.71692pt x 202.29857pt.
LaTeX Info: Redefining \. on input line 1841.
LaTeX Info: Redefining \% on input line 1841.
[61]
Underfull \hbox (badness 10000) in paragraph at lines 1846--1848

 []


Underfull \hbox (badness 10000) in paragraph at lines 1856--1857

 []

LaTeX Info: Redefining \. on input line 1876.
LaTeX Info: Redefining \% on input line 1876.
[62 <./pruebas_bien/seccion_uno/1.png>]
<pruebas_bien/seccion_uno/2.png, id=1234, 3537.215pt x 1674.255pt>
File: pruebas_bien/seccion_uno/2.png Graphic file (type png)
<use pruebas_bien/seccion_uno/2.png>
Package pdftex.def Info: pruebas_bien/seccion_uno/2.png  used on input line 187
9.
(pdftex.def)             Requested size: 409.71692pt x 193.92758pt.

Underfull \hbox (badness 10000) in paragraph at lines 1887--1889

 []

LaTeX Info: Redefining \. on input line 1898.
LaTeX Info: Redefining \% on input line 1898.
[63 <./pruebas_bien/seccion_uno/2.png>]
<pruebas_bien/seccion_uno/3.png, id=1243, 3537.215pt x 1300.86pt>
File: pruebas_bien/seccion_uno/3.png Graphic file (type png)
<use pruebas_bien/seccion_uno/3.png>
Package pdftex.def Info: pruebas_bien/seccion_uno/3.png  used on input line 191
9.
(pdftex.def)             Requested size: 409.71692pt x 150.67755pt.

Underfull \hbox (badness 10000) in paragraph at lines 1927--1929

 []


Underfull \hbox (badness 10000) in paragraph at lines 1937--1938

 []

LaTeX Info: Redefining \. on input line 1958.
LaTeX Info: Redefining \% on input line 1958.
[64 <./pruebas_bien/seccion_uno/3.png>]
<pruebas_bien/seccion_uno/4.png, id=1251, 3537.215pt x 1746.525pt>
File: pruebas_bien/seccion_uno/4.png Graphic file (type png)
<use pruebas_bien/seccion_uno/4.png>
Package pdftex.def Info: pruebas_bien/seccion_uno/4.png  used on input line 196
1.
(pdftex.def)             Requested size: 409.71692pt x 202.29857pt.

Overfull \hbox (11.65019pt too wide) in paragraph at lines 1969--1971
\T1/lmr/m/n/10.95 Comprobar el fun-cio-na-mien-to de las tres re-glas per-so-na
-li-za-das aña-di-das al ar-chi-vo \T1/pcr/m/n/10.95 custom.rules\T1/lmr/m/n/10
.95 ,
 []


Underfull \hbox (badness 10000) in paragraph at lines 1969--1971

 []


Underfull \hbox (badness 10000) in paragraph at lines 1979--1980

 []

LaTeX Info: Redefining \. on input line 1983.
LaTeX Info: Redefining \% on input line 1983.
[65 <./pruebas_bien/seccion_uno/4.png>]
<pruebas_bien/seccion_uno/5.png, id=1259, 3537.215pt x 1674.255pt>
File: pruebas_bien/seccion_uno/5.png Graphic file (type png)
<use pruebas_bien/seccion_uno/5.png>
Package pdftex.def Info: pruebas_bien/seccion_uno/5.png  used on input line 200
2.
(pdftex.def)             Requested size: 409.71692pt x 193.92758pt.

Underfull \hbox (badness 10000) in paragraph at lines 2013--2014

 []

LaTeX Info: Redefining \. on input line 2024.
LaTeX Info: Redefining \% on input line 2024.
[66 <./pruebas_bien/seccion_uno/5.png>]
Underfull \hbox (badness 10000) in paragraph at lines 2027--2029

 []

<pruebas_bien/seccion_dos/1.png, id=1269, 1442.38875pt x 677.53125pt>
File: pruebas_bien/seccion_dos/1.png Graphic file (type png)
<use pruebas_bien/seccion_dos/1.png>
Package pdftex.def Info: pruebas_bien/seccion_dos/1.png  used on input line 203
9.
(pdftex.def)             Requested size: 455.24411pt x 213.83699pt.
<pruebas_bien/seccion_dos/2.png, id=1270, 1442.38875pt x 677.53125pt>
File: pruebas_bien/seccion_dos/2.png Graphic file (type png)
<use pruebas_bien/seccion_dos/2.png>
Package pdftex.def Info: pruebas_bien/seccion_dos/2.png  used on input line 204
7.
(pdftex.def)             Requested size: 455.24411pt x 213.83699pt.
LaTeX Info: Redefining \. on input line 2050.
LaTeX Info: Redefining \% on input line 2050.
[67 <./pruebas_bien/seccion_dos/1.png (PNG copy)>]
Underfull \hbox (badness 10000) in paragraph at lines 2051--2052

 []


Underfull \hbox (badness 10000) in paragraph at lines 2057--2059

 []

<pruebas_bien/seccion_dos/3.png, id=1275, 1442.38875pt x 677.53125pt>
File: pruebas_bien/seccion_dos/3.png Graphic file (type png)
<use pruebas_bien/seccion_dos/3.png>
Package pdftex.def Info: pruebas_bien/seccion_dos/3.png  used on input line 206
9.
(pdftex.def)             Requested size: 455.24411pt x 213.83699pt.
LaTeX Info: Redefining \. on input line 2072.
LaTeX Info: Redefining \% on input line 2072.
[68 <./pruebas_bien/seccion_dos/2.png (PNG copy)>]
<pruebas_bien/seccion_dos/4.png, id=1280, 1442.38875pt x 677.53125pt>
File: pruebas_bien/seccion_dos/4.png Graphic file (type png)
<use pruebas_bien/seccion_dos/4.png>
Package pdftex.def Info: pruebas_bien/seccion_dos/4.png  used on input line 208
2.
(pdftex.def)             Requested size: 455.24411pt x 213.83699pt.
LaTeX Info: Redefining \. on input line 2085.
LaTeX Info: Redefining \% on input line 2085.
 [69 <./pruebas_bien/seccion_dos/3.png (PNG copy)> <./pruebas_bien/seccion_dos/
4.png (PNG copy)>]
<pruebas_bien/seccion_dos/5.png, id=1286, 1442.38875pt x 677.53125pt>
File: pruebas_bien/seccion_dos/5.png Graphic file (type png)
<use pruebas_bien/seccion_dos/5.png>
Package pdftex.def Info: pruebas_bien/seccion_dos/5.png  used on input line 208
6.
(pdftex.def)             Requested size: 455.24411pt x 213.83699pt.

Underfull \hbox (badness 10000) in paragraph at lines 2092--2094

 []

<pruebas_bien/seccion_dos/6.png, id=1287, 1442.38875pt x 677.53125pt>
File: pruebas_bien/seccion_dos/6.png Graphic file (type png)
<use pruebas_bien/seccion_dos/6.png>
Package pdftex.def Info: pruebas_bien/seccion_dos/6.png  used on input line 210
3.
(pdftex.def)             Requested size: 455.24411pt x 213.83699pt.
LaTeX Info: Redefining \. on input line 2106.
LaTeX Info: Redefining \% on input line 2106.
[70 <./pruebas_bien/seccion_dos/5.png (PNG copy)>]
<pruebas_bien/seccion_dos/7.png, id=1292, 1442.38875pt x 677.53125pt>
File: pruebas_bien/seccion_dos/7.png Graphic file (type png)
<use pruebas_bien/seccion_dos/7.png>
Package pdftex.def Info: pruebas_bien/seccion_dos/7.png  used on input line 211
1.
(pdftex.def)             Requested size: 455.24411pt x 213.83699pt.

Underfull \hbox (badness 10000) in paragraph at lines 2115--2116

 []


Underfull \hbox (badness 10000) in paragraph at lines 2119--2121

 []

LaTeX Info: Redefining \. on input line 2122.
LaTeX Info: Redefining \% on input line 2122.
[71 <./pruebas_bien/seccion_dos/6.png (PNG copy)> <./pruebas_bien/seccion_dos/7
.png (PNG copy)>]
<pruebas_bien/seccion_dos/8.png, id=1297, 1442.38875pt x 677.53125pt>
File: pruebas_bien/seccion_dos/8.png Graphic file (type png)
<use pruebas_bien/seccion_dos/8.png>
Package pdftex.def Info: pruebas_bien/seccion_dos/8.png  used on input line 212
9.
(pdftex.def)             Requested size: 455.24411pt x 213.83699pt.

Underfull \hbox (badness 10000) in paragraph at lines 2133--2134

 []


Underfull \hbox (badness 10000) in paragraph at lines 2139--2141

 []


Overfull \hbox (31.19052pt too wide) in paragraph at lines 2142--2144
[]\T1/lmr/bx/n/10.95 Metodología: \T1/lmr/m/n/10.95 Se han lan-za-do múl-ti-ple
s flu-jos si-mul-tá-neos des-de el ser-vi-dor Ubun-tu (192.168.1.133)
 []

LaTeX Info: Redefining \. on input line 2145.
LaTeX Info: Redefining \% on input line 2145.
[72 <./pruebas_bien/seccion_dos/8.png (PNG copy)>]
<pruebas_bien/seccion_tres/1.png, id=1302, 1442.38875pt x 677.53125pt>
File: pruebas_bien/seccion_tres/1.png Graphic file (type png)
<use pruebas_bien/seccion_tres/1.png>
Package pdftex.def Info: pruebas_bien/seccion_tres/1.png  used on input line 21
64.
(pdftex.def)             Requested size: 455.24411pt x 213.83699pt.

Underfull \hbox (badness 10000) in paragraph at lines 2168--2169

 []

LaTeX Info: Redefining \. on input line 2178.
LaTeX Info: Redefining \% on input line 2178.
[73 <./pruebas_bien/seccion_tres/1.png (PNG copy)>]
<pruebas_bien/seccion_tres/2.png, id=1312, 1442.38875pt x 677.53125pt>
File: pruebas_bien/seccion_tres/2.png Graphic file (type png)
<use pruebas_bien/seccion_tres/2.png>
Package pdftex.def Info: pruebas_bien/seccion_tres/2.png  used on input line 21
83.
(pdftex.def)             Requested size: 455.24411pt x 213.83699pt.

Underfull \hbox (badness 10000) in paragraph at lines 2187--2188

 []


Underfull \hbox (badness 10000) in paragraph at lines 2189--2190

 []

<pruebas_bien/seccion_tres/3.png, id=1313, 1442.38875pt x 677.53125pt>
File: pruebas_bien/seccion_tres/3.png Graphic file (type png)
<use pruebas_bien/seccion_tres/3.png>
Package pdftex.def Info: pruebas_bien/seccion_tres/3.png  used on input line 22
03.
(pdftex.def)             Requested size: 455.24411pt x 213.83699pt.
LaTeX Info: Redefining \. on input line 2206.
LaTeX Info: Redefining \% on input line 2206.
[74 <./pruebas_bien/seccion_tres/2.png (PNG copy)>]
LaTeX Info: Redefining \. on input line 2210.
LaTeX Info: Redefining \% on input line 2210.
 [75 <./pruebas_bien/seccion_tres/3.png (PNG copy)>]
Cap\'{\i }tulo 9.

Underfull \hbox (badness 10000) in paragraph at lines 2213--2214

 []


Underfull \hbox (badness 10000) in paragraph at lines 2215--2216

 []

[76

]
Underfull \hbox (badness 10000) in paragraph at lines 2233--2234

 []


Underfull \hbox (badness 10000) in paragraph at lines 2235--2236

 []


Underfull \hbox (badness 10000) in paragraph at lines 2237--2238

 []

LaTeX Info: Redefining \. on input line 2243.
LaTeX Info: Redefining \% on input line 2243.
[77]
Underfull \hbox (badness 10000) in paragraph at lines 2246--2247

 []


Underfull \hbox (badness 10000) in paragraph at lines 2248--2249

 []


Underfull \hbox (badness 10000) in paragraph at lines 2250--2251

 []


Underfull \hbox (badness 10000) in paragraph at lines 2252--2253

 []


Underfull \hbox (badness 10000) in paragraph at lines 2254--2255

 []

[78

] [79

]
LaTeX Info: Redefining \. on input line 2324.
LaTeX Info: Redefining \% on input line 2324.
 [80]
Underfull \hbox (badness 10000) in paragraph at lines 2329--2330
\T1/pcr/m/n/10.95 default / files / publications / ENISA % 20Report % 20-[] % 2
0Cybersecurity %
 []


Underfull \hbox (badness 1097) in paragraph at lines 2329--2330
\T1/pcr/m/n/10.95 20for % 20SMES % 20Challenges % 20and % 20Recommendations . p
df$[]\T1/lmr/m/n/10.95 . Úl-ti-mo ac-ce-so:
 []


Underfull \hbox (badness 10000) in paragraph at lines 2359--2360
[]\T1/lmr/m/n/10.95 P. Ci-chons-ki, T. Mi-llar, T. Gran-ce, K. Scar-fo-ne. \T1/
lmr/m/it/10.95 Gui-de to In-tru-sion De-
 []


Underfull \hbox (badness 10000) in paragraph at lines 2359--2360
\T1/lmr/m/it/10.95 tec-tion and Pre-ven-tion Sys-tems (IDPS)\T1/lmr/m/n/10.95 .
 NIST Spe-cial Pu-bli-ca-tion 800-94,
 []


Underfull \hbox (badness 10000) in paragraph at lines 2359--2360
\T1/lmr/m/n/10.95 2012. Dis-po-ni-ble en: []$\T1/pcr/m/n/10.95 https : / / nvlp
ubs . nist . gov / nistpubs / Legacy / SP /
 []

[81


]
Underfull \hbox (badness 1502) in paragraph at lines 2390--2391
[]\T1/lmr/m/n/10.95 Cisco Sys-tems. \T1/lmr/m/it/10.95 Ru-le Wri-ter's Gui-de t
o Snort 3 Ru-les\T1/lmr/m/n/10.95 . Dis-po-ni-ble en: []$\T1/pcr/m/n/10.95 http
s : / /
 []


Underfull \hbox (badness 10000) in paragraph at lines 2390--2391
\T1/pcr/m/n/10.95 snort-[]org-[]site . s3 . amazonaws . com / production / docu
ment _ files / files /
 []


Underfull \hbox (badness 10000) in paragraph at lines 2390--2391
\T1/pcr/m/n/10.95 000 / 000 / 596 / original / Rules _ Writers _ Guide _ to _ S
nort _ 3 _ Rules . pdf$[]\T1/lmr/m/n/10.95 .
 []

LaTeX Info: Redefining \. on input line 2406.
LaTeX Info: Redefining \% on input line 2406.
[82]
Overfull \hbox (42.2336pt too wide) in paragraph at lines 2408--2409
\T1/pcr/m/n/10.95 snort-[]3-[]2-[]9-[]14-[]and-[]snort-[]4-[]1-[]1-[]updates-[]
release-[]notes-[]for-[]pfsense-[]2-[]4-[]5 _
 []


Underfull \hbox (badness 5147) in paragraph at lines 2411--2412
[]\T1/lmr/m/n/10.95 Combs, R., & Munshaw, J. (2020). \T1/lmr/m/it/10.95 The ma-
jor dif-fe-ren-ces that set Snort 3
 []


Underfull \hbox (badness 10000) in paragraph at lines 2411--2412
\T1/lmr/m/it/10.95 apart from Snort 2\T1/lmr/m/n/10.95 . Re-cu-pe-ra-do de []$\
T1/pcr/m/n/10.95 https : / / blog . snort . org / 2020 / 08 /
 []


Underfull \hbox (badness 10000) in paragraph at lines 2414--2415
\T1/lmr/m/n/10.95 en: []$\T1/pcr/m/n/10.95 https : / / snort-[]org-[]site . s3 
. amazonaws . com / production / document _
 []


Underfull \hbox (badness 10000) in paragraph at lines 2414--2415
\T1/pcr/m/n/10.95 files / files / 000 / 012 / 147 / original / Snort _ 3 . 1 . 
8 . 0 _ on _ Ubuntu _ 18 _ and _
 []


Underfull \hbox (badness 3250) in paragraph at lines 2417--2418
[]\T1/lmr/m/n/10.95 Cisco. (2023). \T1/lmr/m/it/10.95 Snort 3.1.84.0 User Ma-nu
al\T1/lmr/m/n/10.95 . La do-cu-men-ta-ción ofi-cial pro-por-cio-
 []


Underfull \hbox (badness 4673) in paragraph at lines 2417--2418
\T1/lmr/m/n/10.95 na una guía de-ta-lla-da so-bre la con-fi-gu-ra-ción de \T1/p
cr/m/n/10.95 snort.lua\T1/lmr/m/n/10.95 . Re-cu-pe-ra-do de
 []


Underfull \hbox (badness 10000) in paragraph at lines 2417--2418
[]$\T1/pcr/m/n/10.95 https : / / snort-[]org-[]site . s3 . amazonaws . com / pr
oduction / release _ files /
 []


Underfull \hbox (badness 10000) in paragraph at lines 2428--2429
\T1/pcr/m/n/10.95 bltea08f3d94a418a1b / bltfe74dab1ab1bc726 / 62e949c0e791ec0dc
5db3668 /
 []

LaTeX Info: Redefining \. on input line 2439.
LaTeX Info: Redefining \% on input line 2439.
[83]
Ap\'{e}ndice A.
[84

]
<github/1.png, id=1414, 935.74594pt x 417.81094pt>
File: github/1.png Graphic file (type png)
<use github/1.png>
Package pdftex.def Info: github/1.png  used on input line 2496.
(pdftex.def)             Requested size: 409.71692pt x 182.93846pt.
<github/2.png, id=1415, 945.5325pt x 557.08125pt>
File: github/2.png Graphic file (type png)
<use github/2.png>
Package pdftex.def Info: github/2.png  used on input line 2502.
(pdftex.def)             Requested size: 409.71692pt x 241.39334pt.
LaTeX Info: Redefining \. on input line 2505.
LaTeX Info: Redefining \% on input line 2505.
 [85 <./github/1.png>]
<github/3.png, id=1421, 650.43pt x 222.07968pt>
File: github/3.png Graphic file (type png)
<use github/3.png>
Package pdftex.def Info: github/3.png  used on input line 2508.
(pdftex.def)             Requested size: 409.71692pt x 139.89398pt.
<github/4.png, id=1422, 653.44125pt x 385.44pt>
File: github/4.png Graphic file (type png)
<use github/4.png>
Package pdftex.def Info: github/4.png  used on input line 2514.
(pdftex.def)             Requested size: 409.71692pt x 241.67574pt.
LaTeX Info: Redefining \. on input line 2517.
LaTeX Info: Redefining \% on input line 2517.
 [86 <./github/2.png> <./github/3.png>]
<github/5.png, id=1429, 663.98062pt x 546.54187pt>
File: github/5.png Graphic file (type png)
<use github/5.png>
Package pdftex.def Info: github/5.png  used on input line 2520.
(pdftex.def)             Requested size: 409.71692pt x 337.25125pt.
LaTeX Info: Redefining \. on input line 2526.
LaTeX Info: Redefining \% on input line 2526.
 [87 <./github/4.png> <./github/5.png>]
Ap\'{e}ndice B.
[88

]
LaTeX Info: Redefining \. on input line 2627.
LaTeX Info: Redefining \% on input line 2627.
 [89]
LaTeX Info: Redefining \. on input line 2681.
LaTeX Info: Redefining \% on input line 2681.
 [90]
LaTeX Info: Redefining \. on input line 2731.
LaTeX Info: Redefining \% on input line 2731.
 [91]
LaTeX Info: Redefining \. on input line 2782.
LaTeX Info: Redefining \% on input line 2782.
 [92]
LaTeX Info: Redefining \. on input line 2832.
LaTeX Info: Redefining \% on input line 2832.
 [93]
LaTeX Info: Redefining \. on input line 2884.
LaTeX Info: Redefining \% on input line 2884.
 [94]
LaTeX Info: Redefining \. on input line 2934.
LaTeX Info: Redefining \% on input line 2934.
 [95]
LaTeX Info: Redefining \. on input line 2986.
LaTeX Info: Redefining \% on input line 2986.
 [96]
LaTeX Info: Redefining \. on input line 3040.
LaTeX Info: Redefining \% on input line 3040.
 [97]
LaTeX Info: Redefining \. on input line 3086.
LaTeX Info: Redefining \% on input line 3086.
 [98]

pdfTeX warning: pdflatex.exe (file ./ContraportadaCTFG.pdf): PDF inclusion: fou
nd PDF version <1.7>, but at most version <1.5> allowed
<ContraportadaCTFG.pdf, id=1978, 597.62169pt x 845.16069pt>
File: ContraportadaCTFG.pdf Graphic file (type pdf)
<use ContraportadaCTFG.pdf>
Package pdftex.def Info: ContraportadaCTFG.pdf  used on input line 3116.
(pdftex.def)             Requested size: 597.62022pt x 845.15863pt.


pdfTeX warning: pdflatex.exe (file ./ContraportadaCTFG.pdf): PDF inclusion: fou
nd PDF version <1.7>, but at most version <1.5> allowed


pdfTeX warning: pdflatex.exe (file ./ContraportadaCTFG.pdf): PDF inclusion: fou
nd PDF version <1.7>, but at most version <1.5> allowed
<ContraportadaCTFG.pdf, id=1980, page=1, 597.62169pt x 845.16069pt>
File: ContraportadaCTFG.pdf Graphic file (type pdf)
<use ContraportadaCTFG.pdf, page 1>
Package pdftex.def Info: ContraportadaCTFG.pdf , page1 used on input line 3116.

(pdftex.def)             Requested size: 597.62022pt x 845.15863pt.
File: ContraportadaCTFG.pdf Graphic file (type pdf)
<use ContraportadaCTFG.pdf, page 1>
Package pdftex.def Info: ContraportadaCTFG.pdf , page1 used on input line 3116.

(pdftex.def)             Requested size: 597.72964pt x 845.31337pt.
LaTeX Info: Redefining \. on input line 3116.
LaTeX Info: Redefining \% on input line 3116.
[99]
File: ContraportadaCTFG.pdf Graphic file (type pdf)
<use ContraportadaCTFG.pdf, page 1>
Package pdftex.def Info: ContraportadaCTFG.pdf , page1 used on input line 3116.

(pdftex.def)             Requested size: 597.72964pt x 845.31337pt.
File: ContraportadaCTFG.pdf Graphic file (type pdf)
<use ContraportadaCTFG.pdf, page 1>
Package pdftex.def Info: ContraportadaCTFG.pdf , page1 used on input line 3116.

(pdftex.def)             Requested size: 597.72964pt x 845.31337pt.
File: ContraportadaCTFG.pdf Graphic file (type pdf)
<use ContraportadaCTFG.pdf, page 1>
Package pdftex.def Info: ContraportadaCTFG.pdf , page1 used on input line 3116.

(pdftex.def)             Requested size: 597.72964pt x 845.31337pt.
 [100

 <./ContraportadaCTFG.pdf>] (main.aux
LaTeX Info: Redefining \. on input line 11.
LaTeX Info: Redefining \% on input line 11.
)
 ***********
LaTeX2e <2023-11-01> patch level 1
L3 programming layer <2024-01-04>
 ***********
Package rerunfilecheck Info: File `main.out' has not changed.
(rerunfilecheck)             Checksum: F4490004BB5DA41F65930541FAA9F349;13411.
 ) 
Here is how much of TeX's memory you used:
 32042 strings out of 474486
 625768 string characters out of 5743754
 2575542 words of memory out of 5000000
 52819 multiletter control sequences out of 15000+600000
 628666 words of font info for 86 fonts, out of 8000000 for 9000
 1141 hyphenation exceptions out of 8191
 84i,17n,87p,964b,2177s stack positions out of 10000i,1000n,20000p,200000b,200000s
<C:/Users/deian/AppData/Local/Programs/MiKTeX/fonts/type1/public/lm/lmbx10.pf
b><C:/Users/deian/AppData/Local/Programs/MiKTeX/fonts/type1/public/lm/lmbx12.pf
b><C:/Users/deian/AppData/Local/Programs/MiKTeX/fonts/type1/public/lm/lmcsc10.p
fb><C:/Users/deian/AppData/Local/Programs/MiKTeX/fonts/type1/public/lm/lmmi10.p
fb><C:/Users/deian/AppData/Local/Programs/MiKTeX/fonts/type1/public/lm/lmmi9.pf
b><C:/Users/deian/AppData/Local/Programs/MiKTeX/fonts/type1/public/lm/lmr10.pfb
><C:/Users/deian/AppData/Local/Programs/MiKTeX/fonts/type1/public/lm/lmr6.pfb><
C:/Users/deian/AppData/Local/Programs/MiKTeX/fonts/type1/public/lm/lmri10.pfb><
C:/Users/deian/AppData/Local/Programs/MiKTeX/fonts/type1/public/lm/lmsy10.pfb><
C:/Users/deian/AppData/Local/Programs/MiKTeX/fonts/type1/public/lm/lmsy9.pfb><C
:/Users/deian/AppData/Local/Programs/MiKTeX/fonts/type1/urw/courier/ucrb8a.pfb>
<C:/Users/deian/AppData/Local/Programs/MiKTeX/fonts/type1/urw/courier/ucrr8a.pf
b>
Output written on main.pdf (116 pages, 66837104 bytes).
PDF statistics:
 2288 PDF objects out of 2487 (max. 8388607)
 970 named destinations out of 1000 (max. 500000)
 916 words of extra memory for PDF output out of 10000 (max. 10000000)

